"../../../Engine/Plugins/Interchange/Runtime/Content/Pipelines/DefaultTexturePipeline.uasset" 0
"../../../Engine/Plugins/Interchange/Runtime/Content/Pipelines/DefaultTexturePipeline.uexp" 1
"../../../Engine/Plugins/Interchange/Runtime/Content/Pipelines/DefaultSceneLevelPipeline.uasset" 2
"../../../Engine/Plugins/Interchange/Runtime/Content/Pipelines/DefaultSceneLevelPipeline.uexp" 3
"../../../Engine/Plugins/Interchange/Runtime/Content/Pipelines/DefaultSceneAssetsPipeline.uasset" 4
"../../../Engine/Plugins/Interchange/Runtime/Content/Pipelines/DefaultSceneAssetsPipeline.uexp" 5
"../../../Engine/Plugins/Interchange/Runtime/Content/Pipelines/DefaultMaterialXPipeline.uasset" 6
"../../../Engine/Plugins/Interchange/Runtime/Content/Pipelines/DefaultMaterialXPipeline.uexp" 7
"../../../Engine/Plugins/Interchange/Runtime/Content/Pipelines/DefaultMaterialPipeline.uasset" 8
"../../../Engine/Plugins/Interchange/Runtime/Content/Pipelines/DefaultMaterialPipeline.uexp" 9
"../../../Engine/Plugins/Interchange/Runtime/Content/Pipelines/DefaultGLTFSceneAssetsPipeline.uasset" 10
"../../../Engine/Plugins/Interchange/Runtime/Content/Pipelines/DefaultGLTFSceneAssetsPipeline.uexp" 11
"../../../Engine/Plugins/Interchange/Runtime/Content/Pipelines/DefaultGLTFPipeline.uasset" 12
"../../../Engine/Plugins/Interchange/Runtime/Content/Pipelines/DefaultGLTFPipeline.uexp" 13
"../../../Engine/Plugins/Interchange/Runtime/Content/Pipelines/DefaultGLTFAssetsPipeline.uasset" 14
"../../../Engine/Plugins/Interchange/Runtime/Content/Pipelines/DefaultGLTFAssetsPipeline.uexp" 15
"../../../Engine/Plugins/Interchange/Runtime/Content/Pipelines/DefaultAssetsPipeline.uasset" 16
"../../../Engine/Plugins/Interchange/Runtime/Content/Pipelines/DefaultAssetsPipeline.uexp" 17
"../../../Engine/Plugins/Animation/ControlRig/Content/Controls/DefaultGizmoLibraryNormalized.uasset" 18
"../../../Engine/Plugins/Animation/ControlRig/Content/Controls/DefaultGizmoLibraryNormalized.uexp" 19
"../../../Engine/Plugins/Animation/ACLPlugin/Content/ACLAnimCurveCompressionSettings.uasset" 20
"../../../Engine/Plugins/Animation/ACLPlugin/Content/ACLAnimCurveCompressionSettings.uexp" 21
"../../../Engine/Plugins/Animation/ACLPlugin/Content/ACLAnimBoneCompressionSettings.uasset" 22
"../../../Engine/Plugins/Animation/ACLPlugin/Content/ACLAnimBoneCompressionSettings.uexp" 23
"../../../Engine/Plugins/2D/Paper2D/Content/PlaceholderTextures/DummySpriteTexture.ubulk" 24
"../../../Engine/Plugins/2D/Paper2D/Content/PlaceholderTextures/DummySpriteTexture.uasset" 25
"../../../Engine/Plugins/2D/Paper2D/Content/PlaceholderTextures/DummySpriteTexture.uexp" 26
"../../../Engine/Plugins/2D/Paper2D/Content/DummySprite.uasset" 27
"../../../Engine/Plugins/2D/Paper2D/Content/DummySprite.uexp" 28
"../../../Engine/Plugins/2D/Paper2D/Content/DefaultPaperTerrainMaterial.uasset" 29
"../../../Engine/Plugins/2D/Paper2D/Content/DefaultPaperTerrainMaterial.uexp" 30
"../../../Engine/Content/MobileResources/HUD/VirtualJoystick_Background.uasset" 31
"../../../Engine/Content/MobileResources/HUD/VirtualJoystick_Background.uexp" 32
"../../../Engine/Content/MobileResources/HUD/VirtualJoystick_Thumb.uasset" 33
"../../../Engine/Content/MobileResources/HUD/VirtualJoystick_Thumb.uexp" 34
"../../../Engine/Content/MobileResources/HUD/DefaultVirtualJoysticks.uasset" 35
"../../../Engine/Content/MobileResources/HUD/DefaultVirtualJoysticks.uexp" 36
"../../../Engine/Content/EngineSounds/Master.uasset" 37
"../../../Engine/Content/EngineSounds/Master.uexp" 38
"../../../Engine/Content/EngineMaterials/DefaultPhysicalMaterial.uasset" 39
"../../../Engine/Content/EngineMaterials/DefaultPhysicalMaterial.uexp" 40
"../../../Engine/Content/EngineMaterials/DefaultDestructiblePhysicalMaterial.uasset" 41
"../../../Engine/Content/EngineMaterials/DefaultDestructiblePhysicalMaterial.uexp" 42
"../../../Engine/Content/EngineFonts/Faces/RobotoLight.uexp" 43
"../../../Engine/Content/EngineFonts/Faces/RobotoLight.uasset" 44
"../../../Engine/Content/EngineFonts/Faces/RobotoLight.ufont" 45
"../../../Engine/Content/EngineFonts/Faces/RobotoBold.uexp" 46
"../../../Engine/Content/EngineFonts/Faces/RobotoBold.uasset" 47
"../../../Engine/Content/EngineFonts/Faces/RobotoBold.ufont" 48
"../../../Engine/Content/EngineFonts/Faces/RobotoRegular.uexp" 49
"../../../Engine/Content/EngineFonts/Faces/RobotoRegular.uasset" 50
"../../../Engine/Content/EngineFonts/Faces/RobotoRegular.ufont" 51
"../../../Engine/Content/EngineFonts/Faces/DroidSansFallback.uexp" 52
"../../../Engine/Content/EngineFonts/Faces/DroidSansFallback.uasset" 53
"../../../Engine/Content/EngineFonts/Faces/DroidSansFallback.ufont" 54
"../../../Engine/Content/EngineFonts/Faces/RobotoItalic.uexp" 55
"../../../Engine/Content/EngineFonts/Faces/RobotoItalic.uasset" 56
"../../../Engine/Content/EngineFonts/Faces/RobotoItalic.ufont" 57
"../../../Engine/Content/EngineFonts/Faces/RobotoBoldItalic.uexp" 58
"../../../Engine/Content/EngineFonts/Faces/RobotoBoldItalic.uasset" 59
"../../../Engine/Content/EngineFonts/Faces/RobotoBoldItalic.ufont" 60
"../../../Engine/Content/EngineFonts/Roboto.uasset" 61
"../../../Engine/Content/EngineFonts/Roboto.uexp" 62
"../../../Engine/Content/Animation/DefaultVariableFrameStrippingSettings.uasset" 63
"../../../Engine/Content/Animation/DefaultVariableFrameStrippingSettings.uexp" 64
"../../../Engine/Content/Animation/DefaultRecorderBoneCompression.uasset" 65
"../../../Engine/Content/Animation/DefaultRecorderBoneCompression.uexp" 66
"../../../Engine/Content/EditorResources/S_Actor.ubulk" 67
"../../../Engine/Content/EditorResources/S_Actor.uasset" 68
"../../../Engine/Content/EditorResources/S_Actor.uexp" 69
"../../../Engine/Plugins/Runtime/AudioWidgets/Content/Resources/ScrubHandleDown_Clamped.uasset" 70
"../../../Engine/Plugins/Runtime/AudioWidgets/Content/Resources/ScrubHandleDown_Clamped.uexp" 71
"../../../Engine/Content/EngineResources/GradientTexture0.uasset" 72
"../../../Engine/Content/EngineResources/GradientTexture0.uexp" 73
"../../../Engine/Content/EngineResources/DefaultTexture.ubulk" 74
"../../../Engine/Content/EngineResources/DefaultTexture.uasset" 75
"../../../Engine/Content/EngineResources/DefaultTexture.uexp" 76
"../../../Engine/Content/EngineResources/Black.uasset" 77
"../../../Engine/Content/EngineResources/Black.uexp" 78
"../../../Engine/Content/EngineResources/FilmGrains/Marcie_Grain_v3_128_M2_000.uasset" 79
"../../../Engine/Content/EngineResources/FilmGrains/Marcie_Grain_v3_128_M2_000.uexp" 80
"../../../Engine/Content/EngineMaterials/PreintegratedSkinBRDF.uasset" 81
"../../../Engine/Content/EngineMaterials/PreintegratedSkinBRDF.uexp" 82
"../../../Engine/Content/EngineMaterials/MiniFont.uasset" 83
"../../../Engine/Content/EngineMaterials/MiniFont.uexp" 84
"../../../Engine/Content/EngineMaterials/FastBlueNoise_vec2_128x128x64.uasset" 85
"../../../Engine/Content/EngineMaterials/FastBlueNoise_vec2_128x128x64.uexp" 86
"../../../Engine/Content/EngineMaterials/FastBlueNoise_scalar_128x128x64.uasset" 87
"../../../Engine/Content/EngineMaterials/FastBlueNoise_scalar_128x128x64.uexp" 88
"../../../Engine/Content/EngineMaterials/DefaultWhiteGrid.ubulk" 89
"../../../Engine/Content/EngineMaterials/DefaultWhiteGrid.uasset" 90
"../../../Engine/Content/EngineMaterials/DefaultWhiteGrid.uexp" 91
"../../../Engine/Content/EngineMaterials/DefaultBokeh.uasset" 92
"../../../Engine/Content/EngineMaterials/DefaultBokeh.uexp" 93
"../../../Engine/Content/EngineMaterials/DefaultBloomKernel.uasset" 94
"../../../Engine/Content/EngineMaterials/DefaultBloomKernel.uexp" 95
"../../../Engine/Content/EngineMaterials/LTC/Sheen_LTC.uasset" 96
"../../../Engine/Content/EngineMaterials/LTC/Sheen_LTC.uexp" 97
"../../../Engine/Content/EngineMaterials/LTC/GGX_LTCMat.uasset" 98
"../../../Engine/Content/EngineMaterials/LTC/GGX_LTCMat.uexp" 99
"../../../Engine/Content/EngineMaterials/LTC/GGX_LTCAmp.uasset" 100
"../../../Engine/Content/EngineMaterials/LTC/GGX_LTCAmp.uexp" 101
"../../../Engine/Content/EngineMaterials/EnergyConservation/Sheen_Energy.uasset" 102
"../../../Engine/Content/EngineMaterials/EnergyConservation/Sheen_Energy.uexp" 103
"../../../Engine/Content/EngineMaterials/EnergyConservation/SheenLegacy_Energy.uasset" 104
"../../../Engine/Content/EngineMaterials/EnergyConservation/SheenLegacy_Energy.uexp" 105
"../../../Engine/Content/EngineMaterials/EnergyConservation/GGX_TransmissionEnergyArray.uasset" 106
"../../../Engine/Content/EngineMaterials/EnergyConservation/GGX_TransmissionEnergyArray.uexp" 107
"../../../Engine/Content/EngineMaterials/EnergyConservation/GGX_ReflectionEnergy.uasset" 108
"../../../Engine/Content/EngineMaterials/EnergyConservation/GGX_ReflectionEnergy.uexp" 109
"../../../Engine/Content/EngineMaterials/EnergyConservation/Diffuse_Energy.uasset" 110
"../../../Engine/Content/EngineMaterials/EnergyConservation/Diffuse_Energy.uexp" 111
"../../../Engine/Content/EngineDamageTypes/DmgTypeBP_Environmental.uasset" 112
"../../../Engine/Content/EngineDamageTypes/DmgTypeBP_Environmental.uexp" 113
"../../../Engine/Content/EditorResources/S_TriggerSphere.uasset" 114
"../../../Engine/Content/EditorResources/S_TriggerSphere.uexp" 115
"../../../Engine/Content/EditorResources/S_TriggerCapsule.uasset" 116
"../../../Engine/Content/EditorResources/S_TriggerCapsule.uexp" 117
"../../../Engine/Content/EditorResources/S_TriggerBox.uasset" 118
"../../../Engine/Content/EditorResources/S_TriggerBox.uexp" 119
"../../../Engine/Content/EditorResources/S_Trigger.ubulk" 120
"../../../Engine/Content/EditorResources/S_Trigger.uasset" 121
"../../../Engine/Content/EditorResources/S_Trigger.uexp" 122
"../../../Engine/Content/EditorResources/S_Terrain.ubulk" 123
"../../../Engine/Content/EditorResources/S_Terrain.uasset" 124
"../../../Engine/Content/EditorResources/S_Terrain.uexp" 125
"../../../Engine/Content/EditorResources/S_Solver.ubulk" 126
"../../../Engine/Content/EditorResources/S_Solver.uasset" 127
"../../../Engine/Content/EditorResources/S_Solver.uexp" 128
"../../../Engine/Content/EditorResources/S_BoxReflectionCapture.uasset" 129
"../../../Engine/Content/EditorResources/S_BoxReflectionCapture.uexp" 130
"../../../Engine/Content/EditorResources/EmptyActor.uasset" 131
"../../../Engine/Content/EditorResources/EmptyActor.uexp" 132
"../../../Engine/Content/EditorResources/BSPVertex.uasset" 133
"../../../Engine/Content/EditorResources/BSPVertex.uexp" 134
"../../../Engine/Content/EditorResources/SequenceRecorder/RecordingIndicator.uasset" 135
"../../../Engine/Content/EditorResources/SequenceRecorder/RecordingIndicator.uexp" 136
"../../../Engine/Content/EditorResources/SequenceRecorder/Countdown.uasset" 137
"../../../Engine/Content/EditorResources/SequenceRecorder/Countdown.uexp" 138
"../../../Engine/Content/EditorMaterials/ParticleSystems/PSysThumbnail_OOD.ubulk" 139
"../../../Engine/Content/EditorMaterials/ParticleSystems/PSysThumbnail_OOD.uasset" 140
"../../../Engine/Content/EditorMaterials/ParticleSystems/PSysThumbnail_OOD.uexp" 141
"../../../Engine/Content/EditorMaterials/ParticleSystems/PSysThumbnail_NoImage.ubulk" 142
"../../../Engine/Content/EditorMaterials/ParticleSystems/PSysThumbnail_NoImage.uasset" 143
"../../../Engine/Content/EditorMaterials/ParticleSystems/PSysThumbnail_NoImage.uexp" 144
"../../../Engine/Content/EditorLandscapeResources/DefaultAlphaTexture.uasset" 145
"../../../Engine/Content/EditorLandscapeResources/DefaultAlphaTexture.uexp" 146
"../../../Engine/Content/EngineResources/DefaultTextureCube.uasset" 147
"../../../Engine/Content/EngineResources/DefaultTextureCube.uexp" 148
"../../../Engine/Content/EngineMaterials/Substrate/Volume/SubstrateSimpleVolumeEnvLUT3D.uasset" 149
"../../../Engine/Content/EngineMaterials/Substrate/Volume/SubstrateSimpleVolumeEnvLUT3D.uexp" 150
"../../../Engine/Content/EngineMaterials/Substrate/Volume/SubstrateSimpleVolumeLUT3D.uasset" 151
"../../../Engine/Content/EngineMaterials/Substrate/Volume/SubstrateSimpleVolumeLUT3D.uexp" 152
"../../../Engine/Content/EngineResources/DefaultVolumeTexture2D.uasset" 153
"../../../Engine/Content/EngineResources/DefaultVolumeTexture2D.uexp" 154
"../../../Engine/Content/EngineResources/DefaultVolumeTexture.uasset" 155
"../../../Engine/Content/EngineResources/DefaultVolumeTexture.uexp" 156
"../../../Engine/Plugins/Interchange/Assets/Content/Functions/MX_AbsorptionVDF.uasset" 157
"../../../Engine/Plugins/Interchange/Assets/Content/Functions/MX_AbsorptionVDF.uexp" 158
"../../../Engine/Plugins/Interchange/Assets/Content/Functions/MX_AnisotropicVDF.uasset" 159
"../../../Engine/Plugins/Interchange/Assets/Content/Functions/MX_AnisotropicVDF.uexp" 160
"../../../Engine/Plugins/Interchange/Assets/Content/Functions/MX_BurleyDiffuseBSDF.uasset" 161
"../../../Engine/Plugins/Interchange/Assets/Content/Functions/MX_BurleyDiffuseBSDF.uexp" 162
"../../../Engine/Plugins/Interchange/Assets/Content/Functions/MX_ConductorBSDF.uasset" 163
"../../../Engine/Plugins/Interchange/Assets/Content/Functions/MX_ConductorBSDF.uexp" 164
"../../../Engine/Plugins/Interchange/Assets/Content/Functions/MX_ConicalEDF.uasset" 165
"../../../Engine/Plugins/Interchange/Assets/Content/Functions/MX_ConicalEDF.uexp" 166
"../../../Engine/Plugins/Interchange/Assets/Content/Functions/MX_DielectricBSDF.uasset" 167
"../../../Engine/Plugins/Interchange/Assets/Content/Functions/MX_DielectricBSDF.uexp" 168
"../../../Engine/Plugins/Interchange/Assets/Content/Functions/MX_GeneralizedSchlickBSDF.uasset" 169
"../../../Engine/Plugins/Interchange/Assets/Content/Functions/MX_GeneralizedSchlickBSDF.uexp" 170
"../../../Engine/Plugins/Interchange/Assets/Content/Functions/MX_MeasuredEDF.uasset" 171
"../../../Engine/Plugins/Interchange/Assets/Content/Functions/MX_MeasuredEDF.uexp" 172
"../../../Engine/Plugins/Interchange/Assets/Content/Utilities/New_LUT.uasset" 173
"../../../Engine/Plugins/Interchange/Assets/Content/Utilities/New_LUT.uexp" 174
"../../../Engine/Content/Functions/Engine_MaterialFunctions03/Math/RemapValueRange.uasset" 175
"../../../Engine/Content/Functions/Engine_MaterialFunctions03/Math/RemapValueRange.uexp" 176
"../../../Engine/Plugins/Interchange/Assets/Content/Functions/MF_Iridescence.uasset" 177
"../../../Engine/Plugins/Interchange/Assets/Content/Functions/MF_Iridescence.uexp" 178
"../../../Engine/Plugins/Interchange/Assets/Content/Functions/MX_StandardSurface.uasset" 179
"../../../Engine/Plugins/Interchange/Assets/Content/Functions/MX_StandardSurface.uexp" 180
"../../../Engine/Plugins/Interchange/Assets/Content/Functions/MX_OpenPBR_Opaque.uasset" 181
"../../../Engine/Plugins/Interchange/Assets/Content/Functions/MX_OpenPBR_Opaque.uexp" 182
"../../../Engine/Plugins/Interchange/Assets/Content/Functions/MX_TransmissionSurface.uasset" 183
"../../../Engine/Plugins/Interchange/Assets/Content/Functions/MX_TransmissionSurface.uexp" 184
"../../../Engine/Plugins/Interchange/Assets/Content/Functions/MX_OpenPBR_Translucent.uasset" 185
"../../../Engine/Plugins/Interchange/Assets/Content/Functions/MX_OpenPBR_Translucent.uexp" 186
"../../../Engine/Plugins/Interchange/Assets/Content/Functions/MX_OrenNayarBSDF.uasset" 187
"../../../Engine/Plugins/Interchange/Assets/Content/Functions/MX_OrenNayarBSDF.uexp" 188
"../../../Engine/Plugins/Interchange/Assets/Content/Functions/MX_SheenBSDF.uasset" 189
"../../../Engine/Plugins/Interchange/Assets/Content/Functions/MX_SheenBSDF.uexp" 190
"../../../Engine/Plugins/Interchange/Assets/Content/Functions/MX_SubsurfaceBSDF.uasset" 191
"../../../Engine/Plugins/Interchange/Assets/Content/Functions/MX_SubsurfaceBSDF.uexp" 192
"../../../Engine/Plugins/Interchange/Assets/Content/Functions/MX_Surface.uasset" 193
"../../../Engine/Plugins/Interchange/Assets/Content/Functions/MX_Surface.uexp" 194
"../../../Engine/Plugins/Interchange/Assets/Content/Functions/MX_SurfaceUnlit.uasset" 195
"../../../Engine/Plugins/Interchange/Assets/Content/Functions/MX_SurfaceUnlit.uexp" 196
"../../../Engine/Plugins/Interchange/Assets/Content/Functions/MX_ThinFilmBSDF.uasset" 197
"../../../Engine/Plugins/Interchange/Assets/Content/Functions/MX_ThinFilmBSDF.uexp" 198
"../../../Engine/Plugins/Interchange/Assets/Content/Functions/MX_TranslucentBSDF.uasset" 199
"../../../Engine/Plugins/Interchange/Assets/Content/Functions/MX_TranslucentBSDF.uexp" 200
"../../../Engine/Plugins/Interchange/Assets/Content/Functions/MX_UniformEDF.uasset" 201
"../../../Engine/Plugins/Interchange/Assets/Content/Functions/MX_UniformEDF.uexp" 202
"../../../Engine/Plugins/Interchange/Assets/Content/Functions/MX_UsdPreviewSurface.uasset" 203
"../../../Engine/Plugins/Interchange/Assets/Content/Functions/MX_UsdPreviewSurface.uexp" 204
"../../../Engine/Content/EngineMaterials/RemoveSurfaceMaterial.uasset" 205
"../../../Engine/Content/EngineMaterials/RemoveSurfaceMaterial.uexp" 206
"../../../Engine/Content/EngineMaterials/DefaultCalibrationGrayscale.uasset" 207
"../../../Engine/Content/EngineMaterials/DefaultCalibrationGrayscale.uexp" 208
"../../../Engine/Content/EngineMaterials/PPM_DefaultCalibrationGrayscale.uasset" 209
"../../../Engine/Content/EngineMaterials/PPM_DefaultCalibrationGrayscale.uexp" 210
"../../../Engine/Content/EngineMaterials/DefaultCalibrationColor.uasset" 211
"../../../Engine/Content/EngineMaterials/DefaultCalibrationColor.uexp" 212
"../../../Engine/Content/EngineMaterials/PPM_DefaultCalibrationColor.uasset" 213
"../../../Engine/Content/EngineMaterials/PPM_DefaultCalibrationColor.uexp" 214
"../../../Engine/Content/Functions/Engine_MaterialFunctions02/WorldPositionOffset/CameraOffset.uasset" 215
"../../../Engine/Content/Functions/Engine_MaterialFunctions02/WorldPositionOffset/CameraOffset.uexp" 216
"../../../Engine/Content/EngineMaterials/PhAT_JointLimitMaterial.uasset" 217
"../../../Engine/Content/EngineMaterials/PhAT_JointLimitMaterial.uexp" 218
"../../../Engine/Content/EngineMaterials/NaniteHiddenSectionMaterial.uasset" 219
"../../../Engine/Content/EngineMaterials/NaniteHiddenSectionMaterial.uexp" 220
"../../../Engine/Content/EngineMaterials/InvalidLightmapSettings.ubulk" 221
"../../../Engine/Content/EngineMaterials/InvalidLightmapSettings.uasset" 222
"../../../Engine/Content/EngineMaterials/InvalidLightmapSettings.uexp" 223
"../../../Engine/Content/EngineMaterials/M_InvalidLightmapSettings.uasset" 224
"../../../Engine/Content/EngineMaterials/M_InvalidLightmapSettings.uexp" 225
"../../../Engine/Content/EngineMaterials/GizmoMaterial.uasset" 226
"../../../Engine/Content/EngineMaterials/GizmoMaterial.uexp" 227
"../../../Engine/Content/EngineMaterials/BaseFlattenEmissiveMap_VT.uasset" 228
"../../../Engine/Content/EngineMaterials/BaseFlattenEmissiveMap_VT.uexp" 229
"../../../Engine/Content/EngineMaterials/BaseFlattenGrayscaleMap_VT.uasset" 230
"../../../Engine/Content/EngineMaterials/BaseFlattenGrayscaleMap_VT.uexp" 231
"../../../Engine/Content/EngineMaterials/BaseFlattenLinearColor_VT.uasset" 232
"../../../Engine/Content/EngineMaterials/BaseFlattenLinearColor_VT.uexp" 233
"../../../Engine/Content/EngineMaterials/Black_1x1_EXR_Texture_VT.uasset" 234
"../../../Engine/Content/EngineMaterials/Black_1x1_EXR_Texture_VT.uexp" 235
"../../../Engine/Content/EngineMaterials/BaseFlattenDiffuseMap_VT.uasset" 236
"../../../Engine/Content/EngineMaterials/BaseFlattenDiffuseMap_VT.uexp" 237
"../../../Engine/Content/EngineMaterials/BaseFlattenNormalMap_VT.uasset" 238
"../../../Engine/Content/EngineMaterials/BaseFlattenNormalMap_VT.uexp" 239
"../../../Engine/Content/EngineMaterials/FlattenMaterial_WS_Normal_VT.uasset" 240
"../../../Engine/Content/EngineMaterials/FlattenMaterial_WS_Normal_VT.uexp" 241
"../../../Engine/Content/EngineMaterials/FlattenMaterial_VT.uasset" 242
"../../../Engine/Content/EngineMaterials/FlattenMaterial_VT.uexp" 243
"../../../Engine/Content/EngineMaterials/BaseFlattenNormalMap.uasset" 244
"../../../Engine/Content/EngineMaterials/BaseFlattenNormalMap.uexp" 245
"../../../Engine/Content/EngineMaterials/BaseFlattenGrayscaleMap.uasset" 246
"../../../Engine/Content/EngineMaterials/BaseFlattenGrayscaleMap.uexp" 247
"../../../Engine/Content/EngineMaterials/BaseFlattenDiffuseMap.uasset" 248
"../../../Engine/Content/EngineMaterials/BaseFlattenDiffuseMap.uexp" 249
"../../../Engine/Content/Functions/Engine_MaterialFunctions02/PivotPainter2/Black_1x1_EXR_Texture.uasset" 250
"../../../Engine/Content/Functions/Engine_MaterialFunctions02/PivotPainter2/Black_1x1_EXR_Texture.uexp" 251
"../../../Engine/Content/EngineMaterials/BaseFlattenEmissiveMap.uasset" 252
"../../../Engine/Content/EngineMaterials/BaseFlattenEmissiveMap.uexp" 253
"../../../Engine/Content/EngineMaterials/BaseFlattenLinearColor.uasset" 254
"../../../Engine/Content/EngineMaterials/BaseFlattenLinearColor.uexp" 255
"../../../Engine/Content/EngineMaterials/FlattenMaterial.uasset" 256
"../../../Engine/Content/EngineMaterials/FlattenMaterial.uexp" 257
"../../../Engine/Content/EngineMaterials/DefaultWhiteGrid_Low.uasset" 258
"../../../Engine/Content/EngineMaterials/DefaultWhiteGrid_Low.uexp" 259
"../../../Engine/Content/EngineMaterials/EmissiveMeshMaterial.uasset" 260
"../../../Engine/Content/EngineMaterials/EmissiveMeshMaterial.uexp" 261
"../../../Engine/Content/EngineFonts/RobotoDistanceField.uasset" 262
"../../../Engine/Content/EngineFonts/RobotoDistanceField.uexp" 263
"../../../Engine/Content/EngineMaterials/DefaultTextMaterialOpaque.uasset" 264
"../../../Engine/Content/EngineMaterials/DefaultTextMaterialOpaque.uexp" 265
"../../../Engine/Content/EngineMaterials/DefaultDiffuse.ubulk" 266
"../../../Engine/Content/EngineMaterials/DefaultDiffuse.uasset" 267
"../../../Engine/Content/EngineMaterials/DefaultDiffuse.uexp" 268
"../../../Engine/Content/Functions/Engine_MaterialFunctions02/Utility/BreakOutFloat2Components.uasset" 269
"../../../Engine/Content/Functions/Engine_MaterialFunctions02/Utility/BreakOutFloat2Components.uexp" 270
"../../../Engine/Content/EngineMaterials/DefaultPostProcessMaterial.uasset" 271
"../../../Engine/Content/EngineMaterials/DefaultPostProcessMaterial.uexp" 272
"../../../Engine/Content/EngineMaterials/DefaultLightFunctionMaterial.uasset" 273
"../../../Engine/Content/EngineMaterials/DefaultLightFunctionMaterial.uexp" 274
"../../../Engine/Content/EngineMaterials/DefaultDeferredDecalMaterial.uasset" 275
"../../../Engine/Content/EngineMaterials/DefaultDeferredDecalMaterial.uexp" 276
"../../../Engine/Content/Functions/Engine_MaterialFunctions02/Utility/CameraDirectionVector.uasset" 277
"../../../Engine/Content/Functions/Engine_MaterialFunctions02/Utility/CameraDirectionVector.uexp" 278
"../../../Engine/Content/EngineDebugMaterials/VolumeToRender.uasset" 279
"../../../Engine/Content/EngineDebugMaterials/VolumeToRender.uexp" 280
"../../../Engine/Content/EngineDebugMaterials/M_VolumeRenderSphereTracePP.uasset" 281
"../../../Engine/Content/EngineDebugMaterials/M_VolumeRenderSphereTracePP.uexp" 282
"../../../Engine/Content/EngineDebugMaterials/M_SimpleUnlitTranslucent.uasset" 283
"../../../Engine/Content/EngineDebugMaterials/M_SimpleUnlitTranslucent.uexp" 284
"../../../Engine/Content/EngineDebugMaterials/DebugMeshMaterial.uasset" 285
"../../../Engine/Content/EngineDebugMaterials/DebugMeshMaterial.uexp" 286
"../../../Engine/Content/EngineDebugMaterials/DebugEditorMaterial.uasset" 287
"../../../Engine/Content/EngineDebugMaterials/DebugEditorMaterial.uexp" 288
"../../../Engine/Content/EditorMaterials/PreviewShadowIndicator.ubulk" 289
"../../../Engine/Content/EditorMaterials/PreviewShadowIndicator.uasset" 290
"../../../Engine/Content/EditorMaterials/PreviewShadowIndicator.uexp" 291
"../../../Engine/Content/EditorMaterials/PreviewShadowIndicatorMaterial.uasset" 292
"../../../Engine/Content/EditorMaterials/PreviewShadowIndicatorMaterial.uexp" 293
"../../../Engine/Content/EditorMaterials/PhAT_UnselectedMaterial.uasset" 294
"../../../Engine/Content/EditorMaterials/PhAT_UnselectedMaterial.uexp" 295
"../../../Engine/Content/EditorMaterials/PhAT_NoCollisionMaterial.uasset" 296
"../../../Engine/Content/EditorMaterials/PhAT_NoCollisionMaterial.uexp" 297
"../../../Engine/Content/EditorMaterials/Dataflow/DataflowVertexMaterial.uasset" 298
"../../../Engine/Content/EditorMaterials/Dataflow/DataflowVertexMaterial.uexp" 299
"../../../Engine/Content/EditorMaterials/Dataflow/DataflowTwoSidedVertexMaterial.uasset" 300
"../../../Engine/Content/EditorMaterials/Dataflow/DataflowTwoSidedVertexMaterial.uexp" 301
"../../../Engine/Content/Functions/Engine_MaterialFunctions01/Shading/PowerToRoughness.uasset" 302
"../../../Engine/Content/Functions/Engine_MaterialFunctions01/Shading/PowerToRoughness.uexp" 303
"../../../Engine/Content/Functions/Engine_MaterialFunctions01/Shading/ConvertFromDiffSpec.uasset" 304
"../../../Engine/Content/Functions/Engine_MaterialFunctions01/Shading/ConvertFromDiffSpec.uexp" 305
"../../../Engine/Plugins/Animation/ControlRig/Content/Controls/ControlRigGizmoMaterial.uasset" 306
"../../../Engine/Plugins/Animation/ControlRig/Content/Controls/ControlRigGizmoMaterial.uexp" 307
"../../../Engine/Plugins/Animation/ControlRig/Content/Controls/ControlRigXRayMaterial.uasset" 308
"../../../Engine/Plugins/Animation/ControlRig/Content/Controls/ControlRigXRayMaterial.uexp" 309
"../../../Engine/Plugins/Animation/ControlRig/Content/M_Manip.uasset" 310
"../../../Engine/Plugins/Animation/ControlRig/Content/M_Manip.uexp" 311
"../../../Engine/Plugins/Editor/SpeedTreeImporter/Content/SpeedTree9/game_wind_noise.ubulk" 312
"../../../Engine/Plugins/Editor/SpeedTreeImporter/Content/SpeedTree9/game_wind_noise.uasset" 313
"../../../Engine/Plugins/Editor/SpeedTreeImporter/Content/SpeedTree9/game_wind_noise.uexp" 314
"../../../Engine/Plugins/Editor/SpeedTreeImporter/Content/SpeedTree9/UnpackDirection.uasset" 315
"../../../Engine/Plugins/Editor/SpeedTreeImporter/Content/SpeedTree9/UnpackDirection.uexp" 316
"../../../Engine/Content/Functions/Engine_MaterialFunctions02/ObjectLocalBounds.uasset" 317
"../../../Engine/Content/Functions/Engine_MaterialFunctions02/ObjectLocalBounds.uexp" 318
"../../../Engine/Content/Functions/Engine_MaterialFunctions02/Utility/BreakOutFloat3Components.uasset" 319
"../../../Engine/Content/Functions/Engine_MaterialFunctions02/Utility/BreakOutFloat3Components.uexp" 320
"../../../Engine/Content/Functions/Engine_MaterialFunctions02/UVs/BoundingBoxBased_0-1_UVW.uasset" 321
"../../../Engine/Content/Functions/Engine_MaterialFunctions02/UVs/BoundingBoxBased_0-1_UVW.uexp" 322
"../../../Engine/Plugins/Editor/SpeedTreeImporter/Content/SpeedTree9/SpeedTreeBillboard.uasset" 323
"../../../Engine/Plugins/Editor/SpeedTreeImporter/Content/SpeedTree9/SpeedTreeBillboard.uexp" 324
"../../../Engine/Content/Functions/Engine_MaterialFunctions02/Utility/VectorLength.uasset" 325
"../../../Engine/Content/Functions/Engine_MaterialFunctions02/Utility/VectorLength.uexp" 326
"../../../Engine/Plugins/Editor/SpeedTreeImporter/Content/SpeedTree9/UnpackInteger3.uasset" 327
"../../../Engine/Plugins/Editor/SpeedTreeImporter/Content/SpeedTree9/UnpackInteger3.uexp" 328
"../../../Engine/Content/Functions/Engine_MaterialFunctions02/WorldPositionOffset/ObjectScale.uasset" 329
"../../../Engine/Content/Functions/Engine_MaterialFunctions02/WorldPositionOffset/ObjectScale.uexp" 330
"../../../Engine/Content/Functions/Engine_MaterialFunctions02/SafeNormalize.uasset" 331
"../../../Engine/Content/Functions/Engine_MaterialFunctions02/SafeNormalize.uexp" 332
"../../../Engine/Plugins/Editor/SpeedTreeImporter/Content/SpeedTree9/SpeedTreeWindMotion.uasset" 333
"../../../Engine/Plugins/Editor/SpeedTreeImporter/Content/SpeedTree9/SpeedTreeWindMotion.uexp" 334
"../../../Engine/Plugins/Editor/SpeedTreeImporter/Content/SpeedTree9/SpeedTreeBranchMotion.uasset" 335
"../../../Engine/Plugins/Editor/SpeedTreeImporter/Content/SpeedTree9/SpeedTreeBranchMotion.uexp" 336
"../../../Engine/Plugins/Editor/SpeedTreeImporter/Content/SpeedTree9/SpeedTreeWind.uasset" 337
"../../../Engine/Plugins/Editor/SpeedTreeImporter/Content/SpeedTree9/SpeedTreeWind.uexp" 338
"../../../Engine/Plugins/Editor/SpeedTreeImporter/Content/SpeedTree9/EmptyNormal.uasset" 339
"../../../Engine/Plugins/Editor/SpeedTreeImporter/Content/SpeedTree9/EmptyNormal.uexp" 340
"../../../Engine/Plugins/Editor/SpeedTreeImporter/Content/SpeedTree9/Empty.uasset" 341
"../../../Engine/Plugins/Editor/SpeedTreeImporter/Content/SpeedTree9/Empty.uexp" 342
"../../../Engine/Plugins/Editor/SpeedTreeImporter/Content/SpeedTree9/SpeedTreeBillboardMaster.uasset" 343
"../../../Engine/Plugins/Editor/SpeedTreeImporter/Content/SpeedTree9/SpeedTreeBillboardMaster.uexp" 344
"../../../Engine/Plugins/Editor/SpeedTreeImporter/Content/SpeedTree9/SpeedTreeCameraFacing.uasset" 345
"../../../Engine/Plugins/Editor/SpeedTreeImporter/Content/SpeedTree9/SpeedTreeCameraFacing.uexp" 346
"../../../Engine/Plugins/Editor/SpeedTreeImporter/Content/SpeedTree9/SpeedTreeMaster.uasset" 347
"../../../Engine/Plugins/Editor/SpeedTreeImporter/Content/SpeedTree9/SpeedTreeMaster.uexp" 348
"../../../Engine/Plugins/Runtime/HairStrands/Content/Materials/HairCardsDefaultMaterial.uasset" 349
"../../../Engine/Plugins/Runtime/HairStrands/Content/Materials/HairCardsDefaultMaterial.uexp" 350
"../../../Engine/Plugins/Runtime/HairStrands/Content/Materials/HairGroupColors.uasset" 351
"../../../Engine/Plugins/Runtime/HairStrands/Content/Materials/HairGroupColors.uexp" 352
"../../../Engine/Content/Functions/Engine_MaterialFunctions02/Utility/MakeFloat2.uasset" 353
"../../../Engine/Content/Functions/Engine_MaterialFunctions02/Utility/MakeFloat2.uexp" 354
"../../../Engine/Content/Functions/Engine_MaterialFunctions02/Utility/MakeFloat3.uasset" 355
"../../../Engine/Content/Functions/Engine_MaterialFunctions02/Utility/MakeFloat3.uexp" 356
"../../../Engine/Content/EngineMaterials/HairColorMap.uasset" 357
"../../../Engine/Content/EngineMaterials/HairColorMap.uexp" 358
"../../../Engine/Content/EngineMaterials/HairDebugColor.uasset" 359
"../../../Engine/Content/EngineMaterials/HairDebugColor.uexp" 360
"../../../Engine/Plugins/Runtime/HairStrands/Content/Materials/HairDebugMaterial.uasset" 361
"../../../Engine/Plugins/Runtime/HairStrands/Content/Materials/HairDebugMaterial.uexp" 362
"../../../Engine/Plugins/Runtime/HairStrands/Content/Materials/HairDefaultMaterial.uasset" 363
"../../../Engine/Plugins/Runtime/HairStrands/Content/Materials/HairDefaultMaterial.uexp" 364
"../../../Engine/Plugins/Runtime/HairStrands/Content/Materials/HairMeshesDefaultMaterial.uasset" 365
"../../../Engine/Plugins/Runtime/HairStrands/Content/Materials/HairMeshesDefaultMaterial.uexp" 366
"../../../Engine/Plugins/Runtime/MeshModelingToolset/Content/Materials/M_DynamicMeshComponentVtxColor.uasset" 367
"../../../Engine/Plugins/Runtime/MeshModelingToolset/Content/Materials/M_DynamicMeshComponentVtxColor.uexp" 368
"../../../Engine/Content/EngineMeshes/Sphere.ubulk" 369
"../../../Engine/Content/EngineMeshes/Sphere.uasset" 370
"../../../Engine/Content/EngineMeshes/Sphere.uexp" 371
"../../../Engine/Content/VREditor/TransformGizmo/Main.uasset" 372
"../../../Engine/Content/VREditor/TransformGizmo/Main.uexp" 373
"../../../Engine/Content/VREditor/TransformGizmo/Xray.uasset" 374
"../../../Engine/Content/VREditor/TransformGizmo/Xray.uexp" 375
"../../../Engine/Content/VREditor/TransformGizmo/SM_Sequencer_Node.ubulk" 376
"../../../Engine/Content/VREditor/TransformGizmo/SM_Sequencer_Node.uasset" 377
"../../../Engine/Content/VREditor/TransformGizmo/SM_Sequencer_Node.uexp" 378
"../../../Engine/Content/EngineMaterials/T_Default_Material_Grid_M.ubulk" 379
"../../../Engine/Content/EngineMaterials/T_Default_Material_Grid_M.uasset" 380
"../../../Engine/Content/EngineMaterials/T_Default_Material_Grid_M.uexp" 381
"../../../Engine/Content/EngineMaterials/T_Default_Material_Grid_N.ubulk" 382
"../../../Engine/Content/EngineMaterials/T_Default_Material_Grid_N.uasset" 383
"../../../Engine/Content/EngineMaterials/T_Default_Material_Grid_N.uexp" 384
"../../../Engine/Content/Functions/Engine_MaterialFunctions01/Opacity/CameraDepthFade.uasset" 385
"../../../Engine/Content/Functions/Engine_MaterialFunctions01/Opacity/CameraDepthFade.uexp" 386
"../../../Engine/Content/EngineMaterials/WorldGridMaterial.uasset" 387
"../../../Engine/Content/EngineMaterials/WorldGridMaterial.uexp" 388
"../../../Engine/Content/ArtTools/RenderToTexture/Meshes/S_1_Unit_Plane.ubulk" 389
"../../../Engine/Content/ArtTools/RenderToTexture/Meshes/S_1_Unit_Plane.uasset" 390
"../../../Engine/Content/ArtTools/RenderToTexture/Meshes/S_1_Unit_Plane.uexp" 391
"../../../Engine/Content/EngineMaterials/Substrate/GLints/AGlintTex2dArray.uasset" 392
"../../../Engine/Content/EngineMaterials/Substrate/GLints/AGlintTex2dArray.uexp" 393
"../../../Engine/Content/EngineMaterials/Substrate/GLints2/AGlintTex2dArray2.uasset" 394
"../../../Engine/Content/EngineMaterials/Substrate/GLints2/AGlintTex2dArray2.uexp" 395
"../../../Engine/Content/EngineMaterials/DefaultMaterial.uasset" 396
"../../../Engine/Content/EngineMaterials/DefaultMaterial.uexp" 397
"../../../Engine/Content/BasicShapes/Cone.ubulk" 398
"../../../Engine/Content/BasicShapes/Cone.uasset" 399
"../../../Engine/Content/BasicShapes/Cone.uexp" 400
"../../../Engine/Content/BasicShapes/Cube.ubulk" 401
"../../../Engine/Content/BasicShapes/Cube.uasset" 402
"../../../Engine/Content/BasicShapes/Cube.uexp" 403
"../../../Engine/Content/BasicShapes/Cylinder.ubulk" 404
"../../../Engine/Content/BasicShapes/Cylinder.uasset" 405
"../../../Engine/Content/BasicShapes/Cylinder.uexp" 406
"../../../Engine/Content/BasicShapes/Plane.ubulk" 407
"../../../Engine/Content/BasicShapes/Plane.uasset" 408
"../../../Engine/Content/BasicShapes/Plane.uexp" 409
"../../../Engine/Content/EditorLandscapeResources/SplineEditorMeshMat.uasset" 410
"../../../Engine/Content/EditorLandscapeResources/SplineEditorMeshMat.uexp" 411
"../../../Engine/Content/EditorLandscapeResources/SplineEditorMesh.ubulk" 412
"../../../Engine/Content/EditorLandscapeResources/SplineEditorMesh.uasset" 413
"../../../Engine/Content/EditorLandscapeResources/SplineEditorMesh.uexp" 414
"../../../Engine/Content/EditorMaterials/Camera/CineMat.uasset" 415
"../../../Engine/Content/EditorMaterials/Camera/CineMat.uexp" 416
"../../../Engine/Content/EditorMaterials/Camera/MI_CineMat_Rig.uasset" 417
"../../../Engine/Content/EditorMaterials/Camera/MI_CineMat_Rig.uexp" 418
"../../../Engine/Content/EditorMeshes/Camera/SM_CraneRig_Arm.ubulk" 419
"../../../Engine/Content/EditorMeshes/Camera/SM_CraneRig_Arm.uasset" 420
"../../../Engine/Content/EditorMeshes/Camera/SM_CraneRig_Arm.uexp" 421
"../../../Engine/Content/EditorMeshes/Camera/SM_CraneRig_Base.ubulk" 422
"../../../Engine/Content/EditorMeshes/Camera/SM_CraneRig_Base.uasset" 423
"../../../Engine/Content/EditorMeshes/Camera/SM_CraneRig_Base.uexp" 424
"../../../Engine/Content/EditorMeshes/Camera/SM_CraneRig_Body.ubulk" 425
"../../../Engine/Content/EditorMeshes/Camera/SM_CraneRig_Body.uasset" 426
"../../../Engine/Content/EditorMeshes/Camera/SM_CraneRig_Body.uexp" 427
"../../../Engine/Content/EditorMeshes/Camera/SM_CraneRig_Mount.ubulk" 428
"../../../Engine/Content/EditorMeshes/Camera/SM_CraneRig_Mount.uasset" 429
"../../../Engine/Content/EditorMeshes/Camera/SM_CraneRig_Mount.uexp" 430
"../../../Engine/Content/EditorMeshes/Camera/SM_RailRig_Mount.ubulk" 431
"../../../Engine/Content/EditorMeshes/Camera/SM_RailRig_Mount.uasset" 432
"../../../Engine/Content/EditorMeshes/Camera/SM_RailRig_Mount.uexp" 433
"../../../Engine/Content/EditorMeshes/Camera/SM_RailRig_Track.ubulk" 434
"../../../Engine/Content/EditorMeshes/Camera/SM_RailRig_Track.uasset" 435
"../../../Engine/Content/EditorMeshes/Camera/SM_RailRig_Track.uexp" 436
"../../../Engine/Content/EngineMaterials/WeightMapPlaceholderTexture.uasset" 437
"../../../Engine/Content/EngineMaterials/WeightMapPlaceholderTexture.uexp" 438
"../../../Engine/Content/EngineMaterials/WeightMapArrayPlaceholderTexture.uasset" 439
"../../../Engine/Content/EngineMaterials/WeightMapArrayPlaceholderTexture.uexp" 440
"../../../Engine/Content/EngineResources/WhiteSquareTexture.uasset" 441
"../../../Engine/Content/EngineResources/WhiteSquareTexture.uexp" 442
"../../../Engine/Content/EngineMaterials/Widget3DPassThrough.uasset" 443
"../../../Engine/Content/EngineMaterials/Widget3DPassThrough.uexp" 444
"../../../Engine/Content/EngineMaterials/Widget3DPassThrough_Masked.uasset" 445
"../../../Engine/Content/EngineMaterials/Widget3DPassThrough_Masked.uexp" 446
"../../../Engine/Content/EngineMaterials/Widget3DPassThrough_Opaque.uasset" 447
"../../../Engine/Content/EngineMaterials/Widget3DPassThrough_Opaque.uexp" 448
"../../../Engine/Content/EngineMaterials/Widget3DPassThrough_Masked_OneSided.uasset" 449
"../../../Engine/Content/EngineMaterials/Widget3DPassThrough_Masked_OneSided.uexp" 450
"../../../Engine/Content/EngineMaterials/Widget3DPassThrough_Opaque_OneSided.uasset" 451
"../../../Engine/Content/EngineMaterials/Widget3DPassThrough_Opaque_OneSided.uexp" 452
"../../../Engine/Content/EngineMaterials/Widget3DPassThrough_Translucent.uasset" 453
"../../../Engine/Content/EngineMaterials/Widget3DPassThrough_Translucent.uexp" 454
"../../../Engine/Content/EngineMaterials/Widget3DPassThrough_Translucent_OneSided.uasset" 455
"../../../Engine/Content/EngineMaterials/Widget3DPassThrough_Translucent_OneSided.uexp" 456
"../../../Engine/Content/EngineSky/VolumetricClouds/T_CloudMask.ubulk" 457
"../../../Engine/Content/EngineSky/VolumetricClouds/T_CloudMask.uasset" 458
"../../../Engine/Content/EngineSky/VolumetricClouds/T_CloudMask.uexp" 459
"../../../Engine/Content/EngineSky/VolumetricClouds/VT_Lightning.uasset" 460
"../../../Engine/Content/EngineSky/VolumetricClouds/VT_Lightning.uexp" 461
"../../../Engine/Content/EngineSky/VolumetricClouds/T_Profile_08.ubulk" 462
"../../../Engine/Content/EngineSky/VolumetricClouds/T_Profile_08.uasset" 463
"../../../Engine/Content/EngineSky/VolumetricClouds/T_Profile_08.uexp" 464
"../../../Engine/Content/Functions/Engine_MaterialFunctions02/Utility/MakeFloat4.uasset" 465
"../../../Engine/Content/Functions/Engine_MaterialFunctions02/Utility/MakeFloat4.uexp" 466
"../../../Engine/Content/Functions/Engine_MaterialFunctions01/Units/Km-to-Cm.uasset" 467
"../../../Engine/Content/Functions/Engine_MaterialFunctions01/Units/Km-to-Cm.uexp" 468
"../../../Engine/Content/Functions/Engine_MaterialFunctions02/Utility/BreakOutFloat4Components.uasset" 469
"../../../Engine/Content/Functions/Engine_MaterialFunctions02/Utility/BreakOutFloat4Components.uexp" 470
"../../../Engine/Content/EngineSky/VolumetricClouds/T_CloudPattern.ubulk" 471
"../../../Engine/Content/EngineSky/VolumetricClouds/T_CloudPattern.uasset" 472
"../../../Engine/Content/EngineSky/VolumetricClouds/T_CloudPattern.uexp" 473
"../../../Engine/Content/EngineSky/VolumetricClouds/VT_PerlinWorley_Balanced.uasset" 474
"../../../Engine/Content/EngineSky/VolumetricClouds/VT_PerlinWorley_Balanced.uexp" 475
"../../../Engine/Content/EngineSky/VolumetricClouds/m_SimpleVolumetricCloud.uasset" 476
"../../../Engine/Content/EngineSky/VolumetricClouds/m_SimpleVolumetricCloud.uexp" 477
"../../../Engine/Content/EngineSky/VolumetricClouds/m_SimpleVolumetricCloud_Inst.uasset" 478
"../../../Engine/Content/EngineSky/VolumetricClouds/m_SimpleVolumetricCloud_Inst.uexp" 479
"../../../Engine/Content/VREditor/LaserPointer/VR_LaserPower_01.ubulk" 480
"../../../Engine/Content/VREditor/LaserPointer/VR_LaserPower_01.uasset" 481
"../../../Engine/Content/VREditor/LaserPointer/VR_LaserPower_01.uexp" 482
"../../../Engine/Content/VREditor/TransformGizmo/TransformGizmoMaterial.uasset" 483
"../../../Engine/Content/VREditor/TransformGizmo/TransformGizmoMaterial.uexp" 484
"../../../Engine/Content/VREditor/TransformGizmo/TranslucentTransformGizmoMaterial.uasset" 485
"../../../Engine/Content/VREditor/TransformGizmo/TranslucentTransformGizmoMaterial.uexp" 486
"../../../Engine/Content/VREditor/TransformGizmo/BoundingBoxCorner.ubulk" 487
"../../../Engine/Content/VREditor/TransformGizmo/BoundingBoxCorner.uasset" 488
"../../../Engine/Content/VREditor/TransformGizmo/BoundingBoxCorner.uexp" 489
"../../../Engine/Content/VREditor/TransformGizmo/BoundingBoxEdge.ubulk" 490
"../../../Engine/Content/VREditor/TransformGizmo/BoundingBoxEdge.uasset" 491
"../../../Engine/Content/VREditor/TransformGizmo/BoundingBoxEdge.uexp" 492
"../../../Engine/Content/VREditor/TransformGizmo/StartRotationHandleIndicator.ubulk" 493
"../../../Engine/Content/VREditor/TransformGizmo/StartRotationHandleIndicator.uasset" 494
"../../../Engine/Content/VREditor/TransformGizmo/StartRotationHandleIndicator.uexp" 495
"../../../Engine/Content/VREditor/Sounds/UI/Drop_Item_From_ContentBrowser.ubulk" 496
"../../../Engine/Content/VREditor/Sounds/UI/Drop_Item_From_ContentBrowser.uasset" 497
"../../../Engine/Content/VREditor/Sounds/UI/Drop_Item_From_ContentBrowser.uexp" 498
"../../../Engine/Content/VREditor/TransformGizmo/PlaneTranslationHandle.ubulk" 499
"../../../Engine/Content/VREditor/TransformGizmo/PlaneTranslationHandle.uasset" 500
"../../../Engine/Content/VREditor/TransformGizmo/PlaneTranslationHandle.uexp" 501
"../../../Engine/Content/VREditor/Sounds/UI/Object_Snaps_To_Grid.ubulk" 502
"../../../Engine/Content/VREditor/Sounds/UI/Object_Snaps_To_Grid.uasset" 503
"../../../Engine/Content/VREditor/Sounds/UI/Object_Snaps_To_Grid.uexp" 504
"../../../Engine/Content/VREditor/Sounds/UI/Selection_Changes.ubulk" 505
"../../../Engine/Content/VREditor/Sounds/UI/Selection_Changes.uasset" 506
"../../../Engine/Content/VREditor/Sounds/UI/Selection_Changes.uexp" 507
"../../../Engine/Content/VREditor/Sounds/UI/Object_Snaps_To_Another_Actor.ubulk" 508
"../../../Engine/Content/VREditor/Sounds/UI/Object_Snaps_To_Another_Actor.uasset" 509
"../../../Engine/Content/VREditor/Sounds/UI/Object_Snaps_To_Another_Actor.uexp" 510
"../../../Engine/Content/VREditor/TransformGizmo/TranslucentTransformGizmoMaterial_Inst.uasset" 511
"../../../Engine/Content/VREditor/TransformGizmo/TranslucentTransformGizmoMaterial_Inst.uexp" 512
"../../../Engine/Content/VREditor/TransformGizmo/TransformGizmoFreeRotation.ubulk" 513
"../../../Engine/Content/VREditor/TransformGizmo/TransformGizmoFreeRotation.uasset" 514
"../../../Engine/Content/VREditor/TransformGizmo/TransformGizmoFreeRotation.uexp" 515
"../../../Engine/Content/VREditor/Sounds/UI/Scaling_Down.ubulk" 516
"../../../Engine/Content/VREditor/Sounds/UI/Scaling_Down.uasset" 517
"../../../Engine/Content/VREditor/Sounds/UI/Scaling_Down.uexp" 518
"../../../Engine/Content/Functions/Engine_MaterialFunctions02/Math/Transform3x3Matrix.uasset" 519
"../../../Engine/Content/Functions/Engine_MaterialFunctions02/Math/Transform3x3Matrix.uexp" 520
"../../../Engine/Content/Functions/Engine_MaterialFunctions02/SplitComponents.uasset" 521
"../../../Engine/Content/Functions/Engine_MaterialFunctions02/SplitComponents.uexp" 522
"../../../Engine/Content/VREditor/SnapGrid/SnapGridMaterial.uasset" 523
"../../../Engine/Content/VREditor/SnapGrid/SnapGridMaterial.uexp" 524
"../../../Engine/Content/VREditor/SnapGrid/SnapGridPlaneMesh.ubulk" 525
"../../../Engine/Content/VREditor/SnapGrid/SnapGridPlaneMesh.uasset" 526
"../../../Engine/Content/VREditor/SnapGrid/SnapGridPlaneMesh.uexp" 527
"../../../Engine/Content/VREditor/Sounds/UI/Scaling_Up.ubulk" 528
"../../../Engine/Content/VREditor/Sounds/UI/Scaling_Up.uasset" 529
"../../../Engine/Content/VREditor/Sounds/UI/Scaling_Up.uexp" 530
"../../../Engine/Content/VREditor/TransformGizmo/TransformGizmoMaterial_Inst.uasset" 531
"../../../Engine/Content/VREditor/TransformGizmo/TransformGizmoMaterial_Inst.uexp" 532
"../../../Engine/Content/VREditor/Sounds/UI/Gizmo_Handle_Clicked.ubulk" 533
"../../../Engine/Content/VREditor/Sounds/UI/Gizmo_Handle_Clicked.uasset" 534
"../../../Engine/Content/VREditor/Sounds/UI/Gizmo_Handle_Clicked.uexp" 535
"../../../Engine/Content/VREditor/TransformGizmo/RotationHandleQuarter.ubulk" 536
"../../../Engine/Content/VREditor/TransformGizmo/RotationHandleQuarter.uasset" 537
"../../../Engine/Content/VREditor/TransformGizmo/RotationHandleQuarter.uexp" 538
"../../../Engine/Content/VREditor/TransformGizmo/TranslateArrowHandle.ubulk" 539
"../../../Engine/Content/VREditor/TransformGizmo/TranslateArrowHandle.uasset" 540
"../../../Engine/Content/VREditor/TransformGizmo/TranslateArrowHandle.uexp" 541
"../../../Engine/Content/VREditor/TransformGizmo/RotationHandleIndicator.ubulk" 542
"../../../Engine/Content/VREditor/TransformGizmo/RotationHandleIndicator.uasset" 543
"../../../Engine/Content/VREditor/TransformGizmo/RotationHandleIndicator.uexp" 544
"../../../Engine/Content/VREditor/TransformGizmo/UniformScaleHandle.ubulk" 545
"../../../Engine/Content/VREditor/TransformGizmo/UniformScaleHandle.uasset" 546
"../../../Engine/Content/VREditor/TransformGizmo/UniformScaleHandle.uexp" 547
"../../../Engine/Content/VREditor/TransformGizmo/RotationHandleFull.ubulk" 548
"../../../Engine/Content/VREditor/TransformGizmo/RotationHandleFull.uasset" 549
"../../../Engine/Content/VREditor/TransformGizmo/RotationHandleFull.uexp" 550
"../../../Engine/Content/VREditor/Sounds/UI/Object_PickUp.ubulk" 551
"../../../Engine/Content/VREditor/Sounds/UI/Object_PickUp.uasset" 552
"../../../Engine/Content/VREditor/Sounds/UI/Object_PickUp.uexp" 553
"../../../Engine/Plugins/2D/Paper2D/Content/DefaultSpriteMaterial.uasset" 554
"../../../Engine/Plugins/2D/Paper2D/Content/DefaultSpriteMaterial.uexp" 555
"../../../Engine/Plugins/2D/Paper2D/Content/MaskedUnlitSpriteMaterial.uasset" 556
"../../../Engine/Plugins/2D/Paper2D/Content/MaskedUnlitSpriteMaterial.uexp" 557
"../../../Engine/Plugins/2D/Paper2D/Content/OpaqueUnlitSpriteMaterial.uasset" 558
"../../../Engine/Plugins/2D/Paper2D/Content/OpaqueUnlitSpriteMaterial.uexp" 559
"../../../Engine/Plugins/Animation/ControlRig/Content/Controls/ControlRig_Arrow2_1mm.ubulk" 560
"../../../Engine/Plugins/Animation/ControlRig/Content/Controls/ControlRig_Arrow2_1mm.uasset" 561
"../../../Engine/Plugins/Animation/ControlRig/Content/Controls/ControlRig_Arrow2_1mm.uexp" 562
"../../../Engine/Plugins/Animation/ControlRig/Content/Controls/ControlRig_Arrow2_3mm.ubulk" 563
"../../../Engine/Plugins/Animation/ControlRig/Content/Controls/ControlRig_Arrow2_3mm.uasset" 564
"../../../Engine/Plugins/Animation/ControlRig/Content/Controls/ControlRig_Arrow2_3mm.uexp" 565
"../../../Engine/Plugins/Animation/ControlRig/Content/Controls/ControlRig_Arrow2_solid.ubulk" 566
"../../../Engine/Plugins/Animation/ControlRig/Content/Controls/ControlRig_Arrow2_solid.uasset" 567
"../../../Engine/Plugins/Animation/ControlRig/Content/Controls/ControlRig_Arrow2_solid.uexp" 568
"../../../Engine/Plugins/Animation/ControlRig/Content/Controls/ControlRig_Arrow4_1mm.ubulk" 569
"../../../Engine/Plugins/Animation/ControlRig/Content/Controls/ControlRig_Arrow4_1mm.uasset" 570
"../../../Engine/Plugins/Animation/ControlRig/Content/Controls/ControlRig_Arrow4_1mm.uexp" 571
"../../../Engine/Plugins/Animation/ControlRig/Content/Controls/ControlRig_Arrow4_3mm.ubulk" 572
"../../../Engine/Plugins/Animation/ControlRig/Content/Controls/ControlRig_Arrow4_3mm.uasset" 573
"../../../Engine/Plugins/Animation/ControlRig/Content/Controls/ControlRig_Arrow4_3mm.uexp" 574
"../../../Engine/Plugins/Animation/ControlRig/Content/Controls/ControlRig_Arrow4_solid.ubulk" 575
"../../../Engine/Plugins/Animation/ControlRig/Content/Controls/ControlRig_Arrow4_solid.uasset" 576
"../../../Engine/Plugins/Animation/ControlRig/Content/Controls/ControlRig_Arrow4_solid.uexp" 577
"../../../Engine/Plugins/Animation/ControlRig/Content/Controls/ControlRig_Arrow_1mm.ubulk" 578
"../../../Engine/Plugins/Animation/ControlRig/Content/Controls/ControlRig_Arrow_1mm.uasset" 579
"../../../Engine/Plugins/Animation/ControlRig/Content/Controls/ControlRig_Arrow_1mm.uexp" 580
"../../../Engine/Plugins/Animation/ControlRig/Content/Controls/ControlRig_Arrow_3mm.ubulk" 581
"../../../Engine/Plugins/Animation/ControlRig/Content/Controls/ControlRig_Arrow_3mm.uasset" 582
"../../../Engine/Plugins/Animation/ControlRig/Content/Controls/ControlRig_Arrow_3mm.uexp" 583
"../../../Engine/Plugins/Animation/ControlRig/Content/Controls/ControlRig_Arrow_solid.ubulk" 584
"../../../Engine/Plugins/Animation/ControlRig/Content/Controls/ControlRig_Arrow_solid.uasset" 585
"../../../Engine/Plugins/Animation/ControlRig/Content/Controls/ControlRig_Arrow_solid.uexp" 586
"../../../Engine/Plugins/Animation/ControlRig/Content/Controls/ControlRig_Box_1mm.ubulk" 587
"../../../Engine/Plugins/Animation/ControlRig/Content/Controls/ControlRig_Box_1mm.uasset" 588
"../../../Engine/Plugins/Animation/ControlRig/Content/Controls/ControlRig_Box_1mm.uexp" 589
"../../../Engine/Plugins/Animation/ControlRig/Content/Controls/ControlRig_Box_3mm.ubulk" 590
"../../../Engine/Plugins/Animation/ControlRig/Content/Controls/ControlRig_Box_3mm.uasset" 591
"../../../Engine/Plugins/Animation/ControlRig/Content/Controls/ControlRig_Box_3mm.uexp" 592
"../../../Engine/Plugins/Animation/ControlRig/Content/Controls/ControlRig_Box_solid.ubulk" 593
"../../../Engine/Plugins/Animation/ControlRig/Content/Controls/ControlRig_Box_solid.uasset" 594
"../../../Engine/Plugins/Animation/ControlRig/Content/Controls/ControlRig_Box_solid.uexp" 595
"../../../Engine/Plugins/Animation/ControlRig/Content/Controls/ControlRig_Circle_1mm.ubulk" 596
"../../../Engine/Plugins/Animation/ControlRig/Content/Controls/ControlRig_Circle_1mm.uasset" 597
"../../../Engine/Plugins/Animation/ControlRig/Content/Controls/ControlRig_Circle_1mm.uexp" 598
"../../../Engine/Plugins/Animation/ControlRig/Content/Controls/ControlRig_Circle_3mm.ubulk" 599
"../../../Engine/Plugins/Animation/ControlRig/Content/Controls/ControlRig_Circle_3mm.uasset" 600
"../../../Engine/Plugins/Animation/ControlRig/Content/Controls/ControlRig_Circle_3mm.uexp" 601
"../../../Engine/Plugins/Animation/ControlRig/Content/Controls/ControlRig_Circle_solid.ubulk" 602
"../../../Engine/Plugins/Animation/ControlRig/Content/Controls/ControlRig_Circle_solid.uasset" 603
"../../../Engine/Plugins/Animation/ControlRig/Content/Controls/ControlRig_Circle_solid.uexp" 604
"../../../Engine/Plugins/Animation/ControlRig/Content/Controls/ControlRig_Diamond_1mm.ubulk" 605
"../../../Engine/Plugins/Animation/ControlRig/Content/Controls/ControlRig_Diamond_1mm.uasset" 606
"../../../Engine/Plugins/Animation/ControlRig/Content/Controls/ControlRig_Diamond_1mm.uexp" 607
"../../../Engine/Plugins/Animation/ControlRig/Content/Controls/ControlRig_Diamond_3mm.ubulk" 608
"../../../Engine/Plugins/Animation/ControlRig/Content/Controls/ControlRig_Diamond_3mm.uasset" 609
"../../../Engine/Plugins/Animation/ControlRig/Content/Controls/ControlRig_Diamond_3mm.uexp" 610
"../../../Engine/Plugins/Animation/ControlRig/Content/Controls/ControlRig_Diamond_solid.ubulk" 611
"../../../Engine/Plugins/Animation/ControlRig/Content/Controls/ControlRig_Diamond_solid.uasset" 612
"../../../Engine/Plugins/Animation/ControlRig/Content/Controls/ControlRig_Diamond_solid.uexp" 613
"../../../Engine/Plugins/Animation/ControlRig/Content/Controls/ControlRig_HalfCircle_1mm.ubulk" 614
"../../../Engine/Plugins/Animation/ControlRig/Content/Controls/ControlRig_HalfCircle_1mm.uasset" 615
"../../../Engine/Plugins/Animation/ControlRig/Content/Controls/ControlRig_HalfCircle_1mm.uexp" 616
"../../../Engine/Plugins/Animation/ControlRig/Content/Controls/ControlRig_HalfCircle_3mm.ubulk" 617
"../../../Engine/Plugins/Animation/ControlRig/Content/Controls/ControlRig_HalfCircle_3mm.uasset" 618
"../../../Engine/Plugins/Animation/ControlRig/Content/Controls/ControlRig_HalfCircle_3mm.uexp" 619
"../../../Engine/Plugins/Animation/ControlRig/Content/Controls/ControlRig_HalfCircle_solid.ubulk" 620
"../../../Engine/Plugins/Animation/ControlRig/Content/Controls/ControlRig_HalfCircle_solid.uasset" 621
"../../../Engine/Plugins/Animation/ControlRig/Content/Controls/ControlRig_HalfCircle_solid.uexp" 622
"../../../Engine/Plugins/Animation/ControlRig/Content/Controls/ControlRig_Hexagon_1mm.ubulk" 623
"../../../Engine/Plugins/Animation/ControlRig/Content/Controls/ControlRig_Hexagon_1mm.uasset" 624
"../../../Engine/Plugins/Animation/ControlRig/Content/Controls/ControlRig_Hexagon_1mm.uexp" 625
"../../../Engine/Plugins/Animation/ControlRig/Content/Controls/ControlRig_Hexagon_3mm.ubulk" 626
"../../../Engine/Plugins/Animation/ControlRig/Content/Controls/ControlRig_Hexagon_3mm.uasset" 627
"../../../Engine/Plugins/Animation/ControlRig/Content/Controls/ControlRig_Hexagon_3mm.uexp" 628
"../../../Engine/Plugins/Animation/ControlRig/Content/Controls/ControlRig_Hexagon_solid.ubulk" 629
"../../../Engine/Plugins/Animation/ControlRig/Content/Controls/ControlRig_Hexagon_solid.uasset" 630
"../../../Engine/Plugins/Animation/ControlRig/Content/Controls/ControlRig_Hexagon_solid.uexp" 631
"../../../Engine/Plugins/Animation/ControlRig/Content/Controls/ControlRig_Octagon_1mm.ubulk" 632
"../../../Engine/Plugins/Animation/ControlRig/Content/Controls/ControlRig_Octagon_1mm.uasset" 633
"../../../Engine/Plugins/Animation/ControlRig/Content/Controls/ControlRig_Octagon_1mm.uexp" 634
"../../../Engine/Plugins/Animation/ControlRig/Content/Controls/ControlRig_Octagon_3mm.ubulk" 635
"../../../Engine/Plugins/Animation/ControlRig/Content/Controls/ControlRig_Octagon_3mm.uasset" 636
"../../../Engine/Plugins/Animation/ControlRig/Content/Controls/ControlRig_Octagon_3mm.uexp" 637
"../../../Engine/Plugins/Animation/ControlRig/Content/Controls/ControlRig_Octagon_solid.ubulk" 638
"../../../Engine/Plugins/Animation/ControlRig/Content/Controls/ControlRig_Octagon_solid.uasset" 639
"../../../Engine/Plugins/Animation/ControlRig/Content/Controls/ControlRig_Octagon_solid.uexp" 640
"../../../Engine/Plugins/Animation/ControlRig/Content/Controls/ControlRig_Pyramid_1mm.ubulk" 641
"../../../Engine/Plugins/Animation/ControlRig/Content/Controls/ControlRig_Pyramid_1mm.uasset" 642
"../../../Engine/Plugins/Animation/ControlRig/Content/Controls/ControlRig_Pyramid_1mm.uexp" 643
"../../../Engine/Plugins/Animation/ControlRig/Content/Controls/ControlRig_Pyramid_3mm.ubulk" 644
"../../../Engine/Plugins/Animation/ControlRig/Content/Controls/ControlRig_Pyramid_3mm.uasset" 645
"../../../Engine/Plugins/Animation/ControlRig/Content/Controls/ControlRig_Pyramid_3mm.uexp" 646
"../../../Engine/Plugins/Animation/ControlRig/Content/Controls/ControlRig_Pyramid_solid.ubulk" 647
"../../../Engine/Plugins/Animation/ControlRig/Content/Controls/ControlRig_Pyramid_solid.uasset" 648
"../../../Engine/Plugins/Animation/ControlRig/Content/Controls/ControlRig_Pyramid_solid.uexp" 649
"../../../Engine/Plugins/Animation/ControlRig/Content/Controls/ControlRig_QuarterCircle_1mm.ubulk" 650
"../../../Engine/Plugins/Animation/ControlRig/Content/Controls/ControlRig_QuarterCircle_1mm.uasset" 651
"../../../Engine/Plugins/Animation/ControlRig/Content/Controls/ControlRig_QuarterCircle_1mm.uexp" 652
"../../../Engine/Plugins/Animation/ControlRig/Content/Controls/ControlRig_QuarterCircle_3mm.ubulk" 653
"../../../Engine/Plugins/Animation/ControlRig/Content/Controls/ControlRig_QuarterCircle_3mm.uasset" 654
"../../../Engine/Plugins/Animation/ControlRig/Content/Controls/ControlRig_QuarterCircle_3mm.uexp" 655
"../../../Engine/Plugins/Animation/ControlRig/Content/Controls/ControlRig_QuarterCircle_solid.ubulk" 656
"../../../Engine/Plugins/Animation/ControlRig/Content/Controls/ControlRig_QuarterCircle_solid.uasset" 657
"../../../Engine/Plugins/Animation/ControlRig/Content/Controls/ControlRig_QuarterCircle_solid.uexp" 658
"../../../Engine/Plugins/Animation/ControlRig/Content/Controls/ControlRig_RoundedSquare_1mm.ubulk" 659
"../../../Engine/Plugins/Animation/ControlRig/Content/Controls/ControlRig_RoundedSquare_1mm.uasset" 660
"../../../Engine/Plugins/Animation/ControlRig/Content/Controls/ControlRig_RoundedSquare_1mm.uexp" 661
"../../../Engine/Plugins/Animation/ControlRig/Content/Controls/ControlRig_RoundedSquare_3mm.ubulk" 662
"../../../Engine/Plugins/Animation/ControlRig/Content/Controls/ControlRig_RoundedSquare_3mm.uasset" 663
"../../../Engine/Plugins/Animation/ControlRig/Content/Controls/ControlRig_RoundedSquare_3mm.uexp" 664
"../../../Engine/Plugins/Animation/ControlRig/Content/Controls/ControlRig_RoundedSquare_solid.ubulk" 665
"../../../Engine/Plugins/Animation/ControlRig/Content/Controls/ControlRig_RoundedSquare_solid.uasset" 666
"../../../Engine/Plugins/Animation/ControlRig/Content/Controls/ControlRig_RoundedSquare_solid.uexp" 667
"../../../Engine/Plugins/Animation/ControlRig/Content/Controls/ControlRig_RoundedTriangle_1mm.ubulk" 668
"../../../Engine/Plugins/Animation/ControlRig/Content/Controls/ControlRig_RoundedTriangle_1mm.uasset" 669
"../../../Engine/Plugins/Animation/ControlRig/Content/Controls/ControlRig_RoundedTriangle_1mm.uexp" 670
"../../../Engine/Plugins/Animation/ControlRig/Content/Controls/ControlRig_RoundedTriangle_3mm.ubulk" 671
"../../../Engine/Plugins/Animation/ControlRig/Content/Controls/ControlRig_RoundedTriangle_3mm.uasset" 672
"../../../Engine/Plugins/Animation/ControlRig/Content/Controls/ControlRig_RoundedTriangle_3mm.uexp" 673
"../../../Engine/Plugins/Animation/ControlRig/Content/Controls/ControlRig_RoundedTriangle_solid.ubulk" 674
"../../../Engine/Plugins/Animation/ControlRig/Content/Controls/ControlRig_RoundedTriangle_solid.uasset" 675
"../../../Engine/Plugins/Animation/ControlRig/Content/Controls/ControlRig_RoundedTriangle_solid.uexp" 676
"../../../Engine/Plugins/Animation/ControlRig/Content/Controls/ControlRig_Sphere_1mm.ubulk" 677
"../../../Engine/Plugins/Animation/ControlRig/Content/Controls/ControlRig_Sphere_1mm.uasset" 678
"../../../Engine/Plugins/Animation/ControlRig/Content/Controls/ControlRig_Sphere_1mm.uexp" 679
"../../../Engine/Plugins/Animation/ControlRig/Content/Controls/ControlRig_Sphere_3mm.ubulk" 680
"../../../Engine/Plugins/Animation/ControlRig/Content/Controls/ControlRig_Sphere_3mm.uasset" 681
"../../../Engine/Plugins/Animation/ControlRig/Content/Controls/ControlRig_Sphere_3mm.uexp" 682
"../../../Engine/Plugins/Animation/ControlRig/Content/Controls/ControlRig_Sphere_solid.ubulk" 683
"../../../Engine/Plugins/Animation/ControlRig/Content/Controls/ControlRig_Sphere_solid.uasset" 684
"../../../Engine/Plugins/Animation/ControlRig/Content/Controls/ControlRig_Sphere_solid.uexp" 685
"../../../Engine/Plugins/Animation/ControlRig/Content/Controls/ControlRig_Square_1mm.ubulk" 686
"../../../Engine/Plugins/Animation/ControlRig/Content/Controls/ControlRig_Square_1mm.uasset" 687
"../../../Engine/Plugins/Animation/ControlRig/Content/Controls/ControlRig_Square_1mm.uexp" 688
"../../../Engine/Plugins/Animation/ControlRig/Content/Controls/ControlRig_Square_3mm.ubulk" 689
"../../../Engine/Plugins/Animation/ControlRig/Content/Controls/ControlRig_Square_3mm.uasset" 690
"../../../Engine/Plugins/Animation/ControlRig/Content/Controls/ControlRig_Square_3mm.uexp" 691
"../../../Engine/Plugins/Animation/ControlRig/Content/Controls/ControlRig_Square_solid.ubulk" 692
"../../../Engine/Plugins/Animation/ControlRig/Content/Controls/ControlRig_Square_solid.uasset" 693
"../../../Engine/Plugins/Animation/ControlRig/Content/Controls/ControlRig_Square_solid.uexp" 694
"../../../Engine/Plugins/Animation/ControlRig/Content/Controls/ControlRig_Star4_1mm.ubulk" 695
"../../../Engine/Plugins/Animation/ControlRig/Content/Controls/ControlRig_Star4_1mm.uasset" 696
"../../../Engine/Plugins/Animation/ControlRig/Content/Controls/ControlRig_Star4_1mm.uexp" 697
"../../../Engine/Plugins/Animation/ControlRig/Content/Controls/ControlRig_Star4_3mm.ubulk" 698
"../../../Engine/Plugins/Animation/ControlRig/Content/Controls/ControlRig_Star4_3mm.uasset" 699
"../../../Engine/Plugins/Animation/ControlRig/Content/Controls/ControlRig_Star4_3mm.uexp" 700
"../../../Engine/Plugins/Animation/ControlRig/Content/Controls/ControlRig_Star4_solid.ubulk" 701
"../../../Engine/Plugins/Animation/ControlRig/Content/Controls/ControlRig_Star4_solid.uasset" 702
"../../../Engine/Plugins/Animation/ControlRig/Content/Controls/ControlRig_Star4_solid.uexp" 703
"../../../Engine/Plugins/Animation/ControlRig/Content/Controls/ControlRig_Triangle_1mm.ubulk" 704
"../../../Engine/Plugins/Animation/ControlRig/Content/Controls/ControlRig_Triangle_1mm.uasset" 705
"../../../Engine/Plugins/Animation/ControlRig/Content/Controls/ControlRig_Triangle_1mm.uexp" 706
"../../../Engine/Plugins/Animation/ControlRig/Content/Controls/ControlRig_Triangle_3mm.ubulk" 707
"../../../Engine/Plugins/Animation/ControlRig/Content/Controls/ControlRig_Triangle_3mm.uasset" 708
"../../../Engine/Plugins/Animation/ControlRig/Content/Controls/ControlRig_Triangle_3mm.uexp" 709
"../../../Engine/Plugins/Animation/ControlRig/Content/Controls/ControlRig_Triangle_solid.ubulk" 710
"../../../Engine/Plugins/Animation/ControlRig/Content/Controls/ControlRig_Triangle_solid.uasset" 711
"../../../Engine/Plugins/Animation/ControlRig/Content/Controls/ControlRig_Triangle_solid.uexp" 712
"../../../Engine/Plugins/Animation/ControlRig/Content/Controls/ControlRig_Wedge_1mm.ubulk" 713
"../../../Engine/Plugins/Animation/ControlRig/Content/Controls/ControlRig_Wedge_1mm.uasset" 714
"../../../Engine/Plugins/Animation/ControlRig/Content/Controls/ControlRig_Wedge_1mm.uexp" 715
"../../../Engine/Plugins/Animation/ControlRig/Content/Controls/ControlRig_Wedge_3mm.ubulk" 716
"../../../Engine/Plugins/Animation/ControlRig/Content/Controls/ControlRig_Wedge_3mm.uasset" 717
"../../../Engine/Plugins/Animation/ControlRig/Content/Controls/ControlRig_Wedge_3mm.uexp" 718
"../../../Engine/Plugins/Animation/ControlRig/Content/Controls/ControlRig_Wedge_solid.ubulk" 719
"../../../Engine/Plugins/Animation/ControlRig/Content/Controls/ControlRig_Wedge_solid.uasset" 720
"../../../Engine/Plugins/Animation/ControlRig/Content/Controls/ControlRig_Wedge_solid.uexp" 721
"../../../Engine/Plugins/Interchange/Assets/Content/gltf/Textures/T_White_srgb.uasset" 722
"../../../Engine/Plugins/Interchange/Assets/Content/gltf/Textures/T_White_srgb.uexp" 723
"../../../Engine/Plugins/Interchange/Assets/Content/gltf/MaterialFunctions/MF_Specular.uasset" 724
"../../../Engine/Plugins/Interchange/Assets/Content/gltf/MaterialFunctions/MF_Specular.uexp" 725
"../../../Engine/Plugins/Interchange/Assets/Content/gltf/Textures/T_Anisotropy_Direction_Linear.uasset" 726
"../../../Engine/Plugins/Interchange/Assets/Content/gltf/Textures/T_Anisotropy_Direction_Linear.uexp" 727
"../../../Engine/Plugins/Interchange/Assets/Content/gltf/MaterialFunctions/MF_SpecularAnisotropy.uasset" 728
"../../../Engine/Plugins/Interchange/Assets/Content/gltf/MaterialFunctions/MF_SpecularAnisotropy.uexp" 729
"../../../Engine/Plugins/Interchange/Assets/Content/gltf/Textures/T_White_Linear.uasset" 730
"../../../Engine/Plugins/Interchange/Assets/Content/gltf/Textures/T_White_Linear.uexp" 731
"../../../Engine/Plugins/Interchange/Assets/Content/gltf/MaterialFunctions/MF_MetallicRoughness.uasset" 732
"../../../Engine/Plugins/Interchange/Assets/Content/gltf/MaterialFunctions/MF_MetallicRoughness.uexp" 733
"../../../Engine/Plugins/Interchange/Assets/Content/gltf/Textures/T_Generic_N.uasset" 734
"../../../Engine/Plugins/Interchange/Assets/Content/gltf/Textures/T_Generic_N.uexp" 735
"../../../Engine/Plugins/Interchange/Assets/Content/gltf/MaterialFunctions/MF_ScaleNormal.uasset" 736
"../../../Engine/Plugins/Interchange/Assets/Content/gltf/MaterialFunctions/MF_ScaleNormal.uexp" 737
"../../../Engine/Plugins/Interchange/Assets/Content/gltf/MaterialFunctions/MF_BaseColor.uasset" 738
"../../../Engine/Plugins/Interchange/Assets/Content/gltf/MaterialFunctions/MF_BaseColor.uexp" 739
"../../../Engine/Plugins/Interchange/Assets/Content/gltf/MaterialFunctions/MF_Iridescence.uasset" 740
"../../../Engine/Plugins/Interchange/Assets/Content/gltf/MaterialFunctions/MF_Iridescence.uexp" 741
"../../../Engine/Plugins/Interchange/Assets/Content/gltf/MaterialFunctions/MF_Occlusion.uasset" 742
"../../../Engine/Plugins/Interchange/Assets/Content/gltf/MaterialFunctions/MF_Occlusion.uexp" 743
"../../../Engine/Plugins/Interchange/Assets/Content/gltf/MaterialFunctions/MF_IOR.uasset" 744
"../../../Engine/Plugins/Interchange/Assets/Content/gltf/MaterialFunctions/MF_IOR.uexp" 745
"../../../Engine/Plugins/Interchange/Assets/Content/gltf/MaterialFunctions/MF_RotateV2.uasset" 746
"../../../Engine/Plugins/Interchange/Assets/Content/gltf/MaterialFunctions/MF_RotateV2.uexp" 747
"../../../Engine/Plugins/Interchange/Assets/Content/gltf/MaterialFunctions/MF_TransformUVs.uasset" 748
"../../../Engine/Plugins/Interchange/Assets/Content/gltf/MaterialFunctions/MF_TransformUVs.uexp" 749
"../../../Engine/Plugins/Interchange/Assets/Content/gltf/MaterialFunctions/MF_Emissive.uasset" 750
"../../../Engine/Plugins/Interchange/Assets/Content/gltf/MaterialFunctions/MF_Emissive.uexp" 751
"../../../Engine/Plugins/Interchange/Assets/Content/gltf/MaterialFunctions/MF_RotateNormals_TS.uasset" 752
"../../../Engine/Plugins/Interchange/Assets/Content/gltf/MaterialFunctions/MF_RotateNormals_TS.uexp" 753
"../../../Engine/Plugins/Interchange/Assets/Content/gltf/MaterialFunctions/MF_Normals.uasset" 754
"../../../Engine/Plugins/Interchange/Assets/Content/gltf/MaterialFunctions/MF_Normals.uexp" 755
"../../../Engine/Content/Functions/Engine_MaterialFunctions01/Texturing/FlattenNormal.uasset" 756
"../../../Engine/Content/Functions/Engine_MaterialFunctions01/Texturing/FlattenNormal.uexp" 757
"../../../Engine/Plugins/Interchange/Assets/Content/gltf/MaterialFunctions/MF_Clearcoat.uasset" 758
"../../../Engine/Plugins/Interchange/Assets/Content/gltf/MaterialFunctions/MF_Clearcoat.uexp" 759
"../../../Engine/Plugins/Interchange/Assets/Content/gltf/MaterialBodies/MF_ClearCoat_Body.uasset" 760
"../../../Engine/Plugins/Interchange/Assets/Content/gltf/MaterialBodies/MF_ClearCoat_Body.uexp" 761
"../../../Engine/Plugins/Interchange/Assets/Content/gltf/M_ClearCoat.uasset" 762
"../../../Engine/Plugins/Interchange/Assets/Content/gltf/M_ClearCoat.uexp" 763
"../../../Engine/Plugins/Interchange/Assets/Content/gltf/MaterialInstances/MI_ClearCoat_Blend.uasset" 764
"../../../Engine/Plugins/Interchange/Assets/Content/gltf/MaterialInstances/MI_ClearCoat_Blend.uexp" 765
"../../../Engine/Plugins/Interchange/Assets/Content/gltf/MaterialInstances/MI_ClearCoat_Blend_DS.uasset" 766
"../../../Engine/Plugins/Interchange/Assets/Content/gltf/MaterialInstances/MI_ClearCoat_Blend_DS.uexp" 767
"../../../Engine/Plugins/Interchange/Assets/Content/gltf/MaterialInstances/MI_ClearCoat_Mask.uasset" 768
"../../../Engine/Plugins/Interchange/Assets/Content/gltf/MaterialInstances/MI_ClearCoat_Mask.uexp" 769
"../../../Engine/Plugins/Interchange/Assets/Content/gltf/MaterialInstances/MI_ClearCoat_Mask_DS.uasset" 770
"../../../Engine/Plugins/Interchange/Assets/Content/gltf/MaterialInstances/MI_ClearCoat_Mask_DS.uexp" 771
"../../../Engine/Plugins/Interchange/Assets/Content/gltf/MaterialInstances/MI_ClearCoat_Opaque.uasset" 772
"../../../Engine/Plugins/Interchange/Assets/Content/gltf/MaterialInstances/MI_ClearCoat_Opaque.uexp" 773
"../../../Engine/Plugins/Interchange/Assets/Content/gltf/MaterialInstances/MI_ClearCoat_Opaque_DS.uasset" 774
"../../../Engine/Plugins/Interchange/Assets/Content/gltf/MaterialInstances/MI_ClearCoat_Opaque_DS.uexp" 775
"../../../Engine/Plugins/Interchange/Assets/Content/gltf/MaterialBodies/MF_Default_Body.uasset" 776
"../../../Engine/Plugins/Interchange/Assets/Content/gltf/MaterialBodies/MF_Default_Body.uexp" 777
"../../../Engine/Plugins/Interchange/Assets/Content/gltf/M_Default.uasset" 778
"../../../Engine/Plugins/Interchange/Assets/Content/gltf/M_Default.uexp" 779
"../../../Engine/Plugins/Interchange/Assets/Content/gltf/MaterialInstances/MI_Default_Blend.uasset" 780
"../../../Engine/Plugins/Interchange/Assets/Content/gltf/MaterialInstances/MI_Default_Blend.uexp" 781
"../../../Engine/Plugins/Interchange/Assets/Content/gltf/MaterialInstances/MI_Default_Blend_DS.uasset" 782
"../../../Engine/Plugins/Interchange/Assets/Content/gltf/MaterialInstances/MI_Default_Blend_DS.uexp" 783
"../../../Engine/Plugins/Interchange/Assets/Content/gltf/MaterialInstances/MI_Default_Mask.uasset" 784
"../../../Engine/Plugins/Interchange/Assets/Content/gltf/MaterialInstances/MI_Default_Mask.uexp" 785
"../../../Engine/Plugins/Interchange/Assets/Content/gltf/MaterialInstances/MI_Default_Mask_DS.uasset" 786
"../../../Engine/Plugins/Interchange/Assets/Content/gltf/MaterialInstances/MI_Default_Mask_DS.uexp" 787
"../../../Engine/Plugins/Interchange/Assets/Content/gltf/MaterialInstances/MI_Default_Opaque.uasset" 788
"../../../Engine/Plugins/Interchange/Assets/Content/gltf/MaterialInstances/MI_Default_Opaque.uexp" 789
"../../../Engine/Plugins/Interchange/Assets/Content/gltf/MaterialInstances/MI_Default_Opaque_DS.uasset" 790
"../../../Engine/Plugins/Interchange/Assets/Content/gltf/MaterialInstances/MI_Default_Opaque_DS.uexp" 791
"../../../Engine/Plugins/Interchange/Assets/Content/gltf/MaterialFunctions/MF_Sheen.uasset" 792
"../../../Engine/Plugins/Interchange/Assets/Content/gltf/MaterialFunctions/MF_Sheen.uexp" 793
"../../../Engine/Plugins/Interchange/Assets/Content/gltf/MaterialBodies/MF_Sheen_Body.uasset" 794
"../../../Engine/Plugins/Interchange/Assets/Content/gltf/MaterialBodies/MF_Sheen_Body.uexp" 795
"../../../Engine/Plugins/Interchange/Assets/Content/gltf/M_Sheen.uasset" 796
"../../../Engine/Plugins/Interchange/Assets/Content/gltf/M_Sheen.uexp" 797
"../../../Engine/Plugins/Interchange/Assets/Content/gltf/MaterialInstances/MI_Sheen_Blend.uasset" 798
"../../../Engine/Plugins/Interchange/Assets/Content/gltf/MaterialInstances/MI_Sheen_Blend.uexp" 799
"../../../Engine/Plugins/Interchange/Assets/Content/gltf/MaterialInstances/MI_Sheen_Blend_DS.uasset" 800
"../../../Engine/Plugins/Interchange/Assets/Content/gltf/MaterialInstances/MI_Sheen_Blend_DS.uexp" 801
"../../../Engine/Plugins/Interchange/Assets/Content/gltf/MaterialInstances/MI_Sheen_Mask.uasset" 802
"../../../Engine/Plugins/Interchange/Assets/Content/gltf/MaterialInstances/MI_Sheen_Mask.uexp" 803
"../../../Engine/Plugins/Interchange/Assets/Content/gltf/MaterialInstances/MI_Sheen_Mask_DS.uasset" 804
"../../../Engine/Plugins/Interchange/Assets/Content/gltf/MaterialInstances/MI_Sheen_Mask_DS.uexp" 805
"../../../Engine/Plugins/Interchange/Assets/Content/gltf/MaterialInstances/MI_Sheen_Opaque.uasset" 806
"../../../Engine/Plugins/Interchange/Assets/Content/gltf/MaterialInstances/MI_Sheen_Opaque.uexp" 807
"../../../Engine/Plugins/Interchange/Assets/Content/gltf/MaterialInstances/MI_Sheen_Opaque_DS.uasset" 808
"../../../Engine/Plugins/Interchange/Assets/Content/gltf/MaterialInstances/MI_Sheen_Opaque_DS.uexp" 809
"../../../Engine/Content/Functions/Engine_MaterialFunctions02/Math/AddComponents.uasset" 810
"../../../Engine/Content/Functions/Engine_MaterialFunctions02/Math/AddComponents.uexp" 811
"../../../Engine/Plugins/Interchange/Assets/Content/gltf/MaterialFunctions/MF_DiffuseSpecGloss.uasset" 812
"../../../Engine/Plugins/Interchange/Assets/Content/gltf/MaterialFunctions/MF_DiffuseSpecGloss.uexp" 813
"../../../Engine/Plugins/Interchange/Assets/Content/gltf/MaterialFunctions/MF_PerceivedBrightness.uasset" 814
"../../../Engine/Plugins/Interchange/Assets/Content/gltf/MaterialFunctions/MF_PerceivedBrightness.uexp" 815
"../../../Engine/Plugins/Interchange/Assets/Content/gltf/MaterialFunctions/MF_SpecGlossToMetalRoughness.uasset" 816
"../../../Engine/Plugins/Interchange/Assets/Content/gltf/MaterialFunctions/MF_SpecGlossToMetalRoughness.uexp" 817
"../../../Engine/Plugins/Interchange/Assets/Content/gltf/MaterialFunctions/MF_MaxComponentValue.uasset" 818
"../../../Engine/Plugins/Interchange/Assets/Content/gltf/MaterialFunctions/MF_MaxComponentValue.uexp" 819
"../../../Engine/Plugins/Interchange/Assets/Content/gltf/MaterialBodies/MF_SpecularGlossiness_Body.uasset" 820
"../../../Engine/Plugins/Interchange/Assets/Content/gltf/MaterialBodies/MF_SpecularGlossiness_Body.uexp" 821
"../../../Engine/Plugins/Interchange/Assets/Content/gltf/M_SpecularGlossiness.uasset" 822
"../../../Engine/Plugins/Interchange/Assets/Content/gltf/M_SpecularGlossiness.uexp" 823
"../../../Engine/Plugins/Interchange/Assets/Content/gltf/MaterialInstances/MI_SpecularGlossiness_Blend.uasset" 824
"../../../Engine/Plugins/Interchange/Assets/Content/gltf/MaterialInstances/MI_SpecularGlossiness_Blend.uexp" 825
"../../../Engine/Plugins/Interchange/Assets/Content/gltf/MaterialInstances/MI_SpecularGlossiness_Blend_DS.uasset" 826
"../../../Engine/Plugins/Interchange/Assets/Content/gltf/MaterialInstances/MI_SpecularGlossiness_Blend_DS.uexp" 827
"../../../Engine/Plugins/Interchange/Assets/Content/gltf/MaterialInstances/MI_SpecularGlossiness_Mask.uasset" 828
"../../../Engine/Plugins/Interchange/Assets/Content/gltf/MaterialInstances/MI_SpecularGlossiness_Mask.uexp" 829
"../../../Engine/Plugins/Interchange/Assets/Content/gltf/MaterialInstances/MI_SpecularGlossiness_Mask_DS.uasset" 830
"../../../Engine/Plugins/Interchange/Assets/Content/gltf/MaterialInstances/MI_SpecularGlossiness_Mask_DS.uexp" 831
"../../../Engine/Plugins/Interchange/Assets/Content/gltf/MaterialInstances/MI_SpecularGlossiness_Opaque.uasset" 832
"../../../Engine/Plugins/Interchange/Assets/Content/gltf/MaterialInstances/MI_SpecularGlossiness_Opaque.uexp" 833
"../../../Engine/Plugins/Interchange/Assets/Content/gltf/MaterialInstances/MI_SpecularGlossiness_Opaque_DS.uasset" 834
"../../../Engine/Plugins/Interchange/Assets/Content/gltf/MaterialInstances/MI_SpecularGlossiness_Opaque_DS.uexp" 835
"../../../Engine/Content/EngineMaterials/Good64x64TilingNoiseHighFreq.uasset" 836
"../../../Engine/Content/EngineMaterials/Good64x64TilingNoiseHighFreq.uexp" 837
"../../../Engine/Content/Functions/Engine_MaterialFunctions02/Texturing/ScreenAlignedPixelToPixelUVs.uasset" 838
"../../../Engine/Content/Functions/Engine_MaterialFunctions02/Texturing/ScreenAlignedPixelToPixelUVs.uexp" 839
"../../../Engine/Plugins/Interchange/Assets/Content/gltf/MaterialFunctions/MF_Temporal_Blur.uasset" 840
"../../../Engine/Plugins/Interchange/Assets/Content/gltf/MaterialFunctions/MF_Temporal_Blur.uexp" 841
"../../../Engine/Plugins/Interchange/Assets/Content/gltf/MaterialFunctions/MF_Fresnel_DS.uasset" 842
"../../../Engine/Plugins/Interchange/Assets/Content/gltf/MaterialFunctions/MF_Fresnel_DS.uexp" 843
"../../../Engine/Plugins/Interchange/Assets/Content/gltf/MaterialFunctions/MF_Transmission.uasset" 844
"../../../Engine/Plugins/Interchange/Assets/Content/gltf/MaterialFunctions/MF_Transmission.uexp" 845
"../../../Engine/Plugins/Interchange/Assets/Content/gltf/MaterialBodies/MF_Transmission_Body.uasset" 846
"../../../Engine/Plugins/Interchange/Assets/Content/gltf/MaterialBodies/MF_Transmission_Body.uexp" 847
"../../../Engine/Plugins/Interchange/Assets/Content/gltf/M_Transmission.uasset" 848
"../../../Engine/Plugins/Interchange/Assets/Content/gltf/M_Transmission.uexp" 849
"../../../Engine/Plugins/Interchange/Assets/Content/gltf/MaterialInstances/MI_Transmission.uasset" 850
"../../../Engine/Plugins/Interchange/Assets/Content/gltf/MaterialInstances/MI_Transmission.uexp" 851
"../../../Engine/Plugins/Interchange/Assets/Content/gltf/MaterialInstances/MI_Transmission_DS.uasset" 852
"../../../Engine/Plugins/Interchange/Assets/Content/gltf/MaterialInstances/MI_Transmission_DS.uexp" 853
"../../../Engine/Plugins/Interchange/Assets/Content/gltf/MaterialBodies/MF_Unlit_Body.uasset" 854
"../../../Engine/Plugins/Interchange/Assets/Content/gltf/MaterialBodies/MF_Unlit_Body.uexp" 855
"../../../Engine/Plugins/Interchange/Assets/Content/gltf/M_Unlit.uasset" 856
"../../../Engine/Plugins/Interchange/Assets/Content/gltf/M_Unlit.uexp" 857
"../../../Engine/Plugins/Interchange/Assets/Content/gltf/MaterialInstances/MI_Unlit_Blend.uasset" 858
"../../../Engine/Plugins/Interchange/Assets/Content/gltf/MaterialInstances/MI_Unlit_Blend.uexp" 859
"../../../Engine/Plugins/Interchange/Assets/Content/gltf/MaterialInstances/MI_Unlit_Blend_DS.uasset" 860
"../../../Engine/Plugins/Interchange/Assets/Content/gltf/MaterialInstances/MI_Unlit_Blend_DS.uexp" 861
"../../../Engine/Plugins/Interchange/Assets/Content/gltf/MaterialInstances/MI_Unlit_Mask.uasset" 862
"../../../Engine/Plugins/Interchange/Assets/Content/gltf/MaterialInstances/MI_Unlit_Mask.uexp" 863
"../../../Engine/Plugins/Interchange/Assets/Content/gltf/MaterialInstances/MI_Unlit_Mask_DS.uasset" 864
"../../../Engine/Plugins/Interchange/Assets/Content/gltf/MaterialInstances/MI_Unlit_Mask_DS.uexp" 865
"../../../Engine/Plugins/Interchange/Assets/Content/gltf/MaterialInstances/MI_Unlit_Opaque.uasset" 866
"../../../Engine/Plugins/Interchange/Assets/Content/gltf/MaterialInstances/MI_Unlit_Opaque.uexp" 867
"../../../Engine/Plugins/Interchange/Assets/Content/gltf/MaterialInstances/MI_Unlit_Opaque_DS.uasset" 868
"../../../Engine/Plugins/Interchange/Assets/Content/gltf/MaterialInstances/MI_Unlit_Opaque_DS.uexp" 869
"../../../Engine/Plugins/Media/MediaPlate/Content/SM_MediaPlateScreen.ubulk" 870
"../../../Engine/Plugins/Media/MediaPlate/Content/SM_MediaPlateScreen.uasset" 871
"../../../Engine/Plugins/Media/MediaPlate/Content/SM_MediaPlateScreen.uexp" 872
"../../../Engine/Plugins/NNE/NNEDenoiser/Content/NNEDIM_ColorAlbedoNormal_Alpha.uasset" 873
"../../../Engine/Plugins/NNE/NNEDenoiser/Content/NNEDIM_ColorAlbedoNormal_Alpha.uexp" 874
"../../../Engine/Plugins/NNE/NNEDenoiser/Content/NNEDIM_ColorAlbedoNormal_Default.uasset" 875
"../../../Engine/Plugins/NNE/NNEDenoiser/Content/NNEDIM_ColorAlbedoNormal_Default.uexp" 876
"../../../Engine/Plugins/NNE/NNEDenoiser/Content/NNEDIM_HighQuality_Alpha.uasset" 877
"../../../Engine/Plugins/NNE/NNEDenoiser/Content/NNEDIM_HighQuality_Alpha.uexp" 878
"../../../Engine/Plugins/NNE/NNEDenoiser/Content/NNEDIM_HighQuality_Default.uasset" 879
"../../../Engine/Plugins/NNE/NNEDenoiser/Content/NNEDIM_HighQuality_Default.uexp" 880
"../../../Engine/Plugins/NNE/NNEDenoiser/Content/NNEDOM_Output_Alpha.uasset" 881
"../../../Engine/Plugins/NNE/NNEDenoiser/Content/NNEDOM_Output_Alpha.uexp" 882
"../../../Engine/Plugins/NNE/NNEDenoiser/Content/NNEDOM_Output_Default.uasset" 883
"../../../Engine/Plugins/NNE/NNEDenoiser/Content/NNEDOM_Output_Default.uexp" 884
"../../../Engine/Plugins/NNE/NNEDenoiser/Content/NNEDTIM_ColorAlbedoNormal_Alpha.uasset" 885
"../../../Engine/Plugins/NNE/NNEDenoiser/Content/NNEDTIM_ColorAlbedoNormal_Alpha.uexp" 886
"../../../Engine/Plugins/NNE/NNEDenoiser/Content/NNEDTIM_ColorAlbedoNormal_Default.uasset" 887
"../../../Engine/Plugins/NNE/NNEDenoiser/Content/NNEDTIM_ColorAlbedoNormal_Default.uexp" 888
"../../../Engine/Plugins/NNE/NNEDenoiser/Content/NNEDTOM_Output_Alpha.uasset" 889
"../../../Engine/Plugins/NNE/NNEDenoiser/Content/NNEDTOM_Output_Alpha.uexp" 890
"../../../Engine/Plugins/NNE/NNEDenoiser/Content/NNEDTOM_Output_Default.uasset" 891
"../../../Engine/Plugins/NNE/NNEDenoiser/Content/NNEDTOM_Output_Default.uexp" 892
"../../../Engine/Content/Functions/Engine_MaterialFunctions02/Texturing/CustomRotator.uasset" 893
"../../../Engine/Content/Functions/Engine_MaterialFunctions02/Texturing/CustomRotator.uexp" 894
"../../../Engine/Content/Functions/Engine_MaterialFunctions01/Texturing/ScaleUVsByCenter.uasset" 895
"../../../Engine/Content/Functions/Engine_MaterialFunctions01/Texturing/ScaleUVsByCenter.uexp" 896
"../../../Engine/Content/Functions/Engine_MaterialFunctions01/Gradient/GeneratedRoundRect.uasset" 897
"../../../Engine/Content/Functions/Engine_MaterialFunctions01/Gradient/GeneratedRoundRect.uexp" 898
"../../../Engine/Content/Functions/Engine_MaterialFunctions01/Gradient/SphereGradient-2D.uasset" 899
"../../../Engine/Content/Functions/Engine_MaterialFunctions01/Gradient/SphereGradient-2D.uexp" 900
"../../../Engine/Plugins/Runtime/AudioWidgets/Content/AudioMaterialSlate/Functions/MF_DotOutlined.uasset" 901
"../../../Engine/Plugins/Runtime/AudioWidgets/Content/AudioMaterialSlate/Functions/MF_DotOutlined.uexp" 902
"../../../Engine/Plugins/Runtime/AudioWidgets/Content/AudioMaterialSlate/M_AudioMaterialEnvelope_ADSR.uasset" 903
"../../../Engine/Plugins/Runtime/AudioWidgets/Content/AudioMaterialSlate/M_AudioMaterialEnvelope_ADSR.uexp" 904
"../../../Engine/Plugins/Runtime/AudioWidgets/Content/AudioMaterialSlate/MI_AudioMaterialEnvelope_ADSR.uasset" 905
"../../../Engine/Plugins/Runtime/AudioWidgets/Content/AudioMaterialSlate/MI_AudioMaterialEnvelope_ADSR.uexp" 906
"../../../Engine/Plugins/Runtime/AudioWidgets/Content/AudioMaterialSlate/Functions/MF_SingleLine_Smooth.uasset" 907
"../../../Engine/Plugins/Runtime/AudioWidgets/Content/AudioMaterialSlate/Functions/MF_SingleLine_Smooth.uexp" 908
"../../../Engine/Plugins/Runtime/AudioWidgets/Content/AudioMaterialSlate/Functions/MF_AngleGradient.uasset" 909
"../../../Engine/Plugins/Runtime/AudioWidgets/Content/AudioMaterialSlate/Functions/MF_AngleGradient.uexp" 910
"../../../Engine/Content/Functions/Engine_MaterialFunctions02/Lerp_3Color.uasset" 911
"../../../Engine/Content/Functions/Engine_MaterialFunctions02/Lerp_3Color.uexp" 912
"../../../Engine/Plugins/Runtime/AudioWidgets/Content/AudioMaterialSlate/M_AudioMaterialKnob.uasset" 913
"../../../Engine/Plugins/Runtime/AudioWidgets/Content/AudioMaterialSlate/M_AudioMaterialKnob.uexp" 914
"../../../Engine/Plugins/Runtime/AudioWidgets/Content/AudioMaterialSlate/MI_AudioMaterialKnob.uasset" 915
"../../../Engine/Plugins/Runtime/AudioWidgets/Content/AudioMaterialSlate/MI_AudioMaterialKnob.uexp" 916
"../../../Engine/Plugins/Runtime/AudioWidgets/Content/AudioMaterialSlate/Functions/MF_Lines.uasset" 917
"../../../Engine/Plugins/Runtime/AudioWidgets/Content/AudioMaterialSlate/Functions/MF_Lines.uexp" 918
"../../../Engine/Plugins/Runtime/AudioWidgets/Content/AudioMaterialSlate/M_AudioMaterialMeter.uasset" 919
"../../../Engine/Plugins/Runtime/AudioWidgets/Content/AudioMaterialSlate/M_AudioMaterialMeter.uexp" 920
"../../../Engine/Plugins/Runtime/AudioWidgets/Content/AudioMaterialSlate/MI_AudioMaterialMeter.uasset" 921
"../../../Engine/Plugins/Runtime/AudioWidgets/Content/AudioMaterialSlate/MI_AudioMaterialMeter.uexp" 922
"../../../Engine/Plugins/Runtime/AudioWidgets/Content/AudioMaterialSlate/M_AudioMaterialRoundedSlider.uasset" 923
"../../../Engine/Plugins/Runtime/AudioWidgets/Content/AudioMaterialSlate/M_AudioMaterialRoundedSlider.uexp" 924
"../../../Engine/Plugins/Runtime/AudioWidgets/Content/AudioMaterialSlate/MI_AudioMaterialRoundedSlider.uasset" 925
"../../../Engine/Plugins/Runtime/AudioWidgets/Content/AudioMaterialSlate/MI_AudioMaterialRoundedSlider.uexp" 926
"../../../Engine/Plugins/Runtime/AudioWidgets/Content/AudioMaterialSlate/Functions/MF_SingleLine.uasset" 927
"../../../Engine/Plugins/Runtime/AudioWidgets/Content/AudioMaterialSlate/Functions/MF_SingleLine.uexp" 928
"../../../Engine/Plugins/Runtime/AudioWidgets/Content/AudioMaterialSlate/M_AudioMaterialToggleButton.uasset" 929
"../../../Engine/Plugins/Runtime/AudioWidgets/Content/AudioMaterialSlate/M_AudioMaterialToggleButton.uexp" 930
"../../../Engine/Plugins/Runtime/AudioWidgets/Content/AudioMaterialSlate/MI_AudioMaterialToggleButton.uasset" 931
"../../../Engine/Plugins/Runtime/AudioWidgets/Content/AudioMaterialSlate/MI_AudioMaterialToggleButton.uexp" 932
"../../../Engine/Content/EngineResources/LandscapeVisibilityLayerInfo.uasset" 933
"../../../Engine/Content/EngineResources/LandscapeVisibilityLayerInfo.uexp" 934
"../../../Engine/Plugins/Animation/DeformerGraph/Content/DeformerFunctions/DG_Function_ComputeNormalsTangents.uasset" 935
"../../../Engine/Plugins/Animation/DeformerGraph/Content/DeformerFunctions/DG_Function_ComputeNormalsTangents.uexp" 936
"../../../Engine/Plugins/Animation/DeformerGraph/Content/DeformerFunctions/DG_Function_LinearBlendSkin_Morph_Cloth.uasset" 937
"../../../Engine/Plugins/Animation/DeformerGraph/Content/DeformerFunctions/DG_Function_LinearBlendSkin_Morph_Cloth.uexp" 938
"../../../Engine/Plugins/Animation/DeformerGraph/Content/DeformerFunctions/DG_Function_LinearBlendSkin_Morph_Cloth_PositionOnly.uasset" 939
"../../../Engine/Plugins/Animation/DeformerGraph/Content/DeformerFunctions/DG_Function_LinearBlendSkin_Morph_Cloth_PositionOnly.uexp" 940
"../../../Engine/Plugins/Animation/DeformerGraph/Content/Deformers/DG_LinearBlendSkin_Morph_Cloth.uasset" 941
"../../../Engine/Plugins/Animation/DeformerGraph/Content/Deformers/DG_LinearBlendSkin_Morph_Cloth.uexp" 942
"../../../Engine/Plugins/Animation/DeformerGraph/Content/Deformers/DG_LinearBlendSkin_Morph_Cloth_RecomputeNormals.uasset" 943
"../../../Engine/Plugins/Animation/DeformerGraph/Content/Deformers/DG_LinearBlendSkin_Morph_Cloth_RecomputeNormals.uexp" 944
"../../../Engine/Plugins/NNE/NNEDenoiser/Content/NNEDT_Oidn2-3_Balanced.uasset" 945
"../../../Engine/Plugins/NNE/NNEDenoiser/Content/NNEDT_Oidn2-3_Balanced.uexp" 946
"../../../Engine/Plugins/NNE/NNEDenoiser/Content/NNEDT_Oidn2-3_Balanced_Alpha.uasset" 947
"../../../Engine/Plugins/NNE/NNEDenoiser/Content/NNEDT_Oidn2-3_Balanced_Alpha.uexp" 948
"../../../Engine/Plugins/NNE/NNEDenoiser/Content/NNED_Oidn2-3_Balanced.uasset" 949
"../../../Engine/Plugins/NNE/NNEDenoiser/Content/NNED_Oidn2-3_Balanced.uexp" 950
"../../../Engine/Plugins/NNE/NNEDenoiser/Content/NNED_Oidn2-3_Balanced_Alpha.uasset" 951
"../../../Engine/Plugins/NNE/NNEDenoiser/Content/NNED_Oidn2-3_Balanced_Alpha.uexp" 952
"../../../Engine/Plugins/NNE/NNEDenoiser/Content/NNED_Oidn2-3_Fast.uasset" 953
"../../../Engine/Plugins/NNE/NNEDenoiser/Content/NNED_Oidn2-3_Fast.uexp" 954
"../../../Engine/Plugins/NNE/NNEDenoiser/Content/NNED_Oidn2-3_Fast_Alpha.uasset" 955
"../../../Engine/Plugins/NNE/NNEDenoiser/Content/NNED_Oidn2-3_Fast_Alpha.uexp" 956
"../../../Engine/Plugins/NNE/NNEDenoiser/Content/NNED_Oidn2-3_HighQuality.uasset" 957
"../../../Engine/Plugins/NNE/NNEDenoiser/Content/NNED_Oidn2-3_HighQuality.uexp" 958
"../../../Engine/Plugins/NNE/NNEDenoiser/Content/NNED_Oidn2-3_HighQuality_Alpha.uasset" 959
"../../../Engine/Plugins/NNE/NNEDenoiser/Content/NNED_Oidn2-3_HighQuality_Alpha.uexp" 960
"../../../Engine/Plugins/NNE/NNEDenoiser/Content/NNE_oidn2-3-0_rt_hdr_alb_nrm_small__dyn__fp16_opset11_DenoiseAlpha.uasset" 961
"../../../Engine/Plugins/NNE/NNEDenoiser/Content/NNE_oidn2-3-0_rt_hdr_alb_nrm_small__dyn__fp16_opset11_DenoiseAlpha.uexp" 962
"../../../Engine/Plugins/NNE/NNEDenoiser/Content/NNE_oidn2-3-0_rt_hdr_alb_nrm_small__dyn__fp16_opset11_ForwardAlpha.uasset" 963
"../../../Engine/Plugins/NNE/NNEDenoiser/Content/NNE_oidn2-3-0_rt_hdr_alb_nrm_small__dyn__fp16_opset11_ForwardAlpha.uexp" 964
"../../../Engine/Plugins/NNE/NNEDenoiser/Content/NNE_oidn2-3-0_rt_hdr_alb_nrm__dyn__fp16_opset11_DenoiseAlpha.uasset" 965
"../../../Engine/Plugins/NNE/NNEDenoiser/Content/NNE_oidn2-3-0_rt_hdr_alb_nrm__dyn__fp16_opset11_DenoiseAlpha.uexp" 966
"../../../Engine/Plugins/NNE/NNEDenoiser/Content/NNE_oidn2-3-0_rt_hdr_alb_nrm__dyn__fp16_opset11_ForwardAlpha.uasset" 967
"../../../Engine/Plugins/NNE/NNEDenoiser/Content/NNE_oidn2-3-0_rt_hdr_alb_nrm__dyn__fp16_opset11_ForwardAlpha.uexp" 968
"../../../Engine/Plugins/NNE/NNEDenoiser/Content/NNE_oidn2-3-0_rt_hdr_calb_cnrm_large__dyn__fp16_opset11_DenoiseAlpha.uasset" 969
"../../../Engine/Plugins/NNE/NNEDenoiser/Content/NNE_oidn2-3-0_rt_hdr_calb_cnrm_large__dyn__fp16_opset11_DenoiseAlpha.uexp" 970
"../../../Engine/Plugins/NNE/NNEDenoiser/Content/NNE_oidn2-3-0_rt_hdr_calb_cnrm_large__dyn__fp16_opset11_ForwardAlpha.uasset" 971
"../../../Engine/Plugins/NNE/NNEDenoiser/Content/NNE_oidn2-3-0_rt_hdr_calb_cnrm_large__dyn__fp16_opset11_ForwardAlpha.uexp" 972
"../../../Engine/Content/Maps/Entry_BuiltData.uasset" 973
"../../../Engine/Content/Maps/Entry_BuiltData.uexp" 974
"../../../Engine/Content/Maps/Entry.uexp" 975
"../../../Engine/Content/Maps/Entry.umap" 976
"../../../Engine/Content/EngineSky/T_Sky_Stars.ubulk" 977
"../../../Engine/Content/EngineSky/T_Sky_Stars.uasset" 978
"../../../Engine/Content/EngineSky/T_Sky_Stars.uexp" 979
"../../../Engine/Content/EngineSky/T_Sky_Clouds_M.ubulk" 980
"../../../Engine/Content/EngineSky/T_Sky_Clouds_M.uasset" 981
"../../../Engine/Content/EngineSky/T_Sky_Clouds_M.uexp" 982
"../../../Engine/Content/EngineSky/T_Sky_Blue.ubulk" 983
"../../../Engine/Content/EngineSky/T_Sky_Blue.uasset" 984
"../../../Engine/Content/EngineSky/T_Sky_Blue.uexp" 985
"../../../Engine/Content/EngineSky/M_Sky_Panning_Clouds2.uasset" 986
"../../../Engine/Content/EngineSky/M_Sky_Panning_Clouds2.uexp" 987
"../../../Engine/Content/EngineSky/SM_SkySphere.ubulk" 988
"../../../Engine/Content/EngineSky/SM_SkySphere.uasset" 989
"../../../Engine/Content/EngineSky/SM_SkySphere.uexp" 990
"E:/MyProject02/Content/StarterContent/Textures/T_Brick_Clay_Old_N.ubulk" 991
"E:/MyProject02/Content/StarterContent/Textures/T_Brick_Clay_Old_N.uasset" 992
"E:/MyProject02/Content/StarterContent/Textures/T_Brick_Clay_Old_N.uexp" 993
"E:/MyProject02/Content/StarterContent/Textures/T_Perlin_Noise_M.ubulk" 994
"E:/MyProject02/Content/StarterContent/Textures/T_Perlin_Noise_M.uasset" 995
"E:/MyProject02/Content/StarterContent/Textures/T_Perlin_Noise_M.uexp" 996
"E:/MyProject02/Content/StarterContent/Textures/T_MacroVariation.uasset" 997
"E:/MyProject02/Content/StarterContent/Textures/T_MacroVariation.uexp" 998
"E:/MyProject02/Content/StarterContent/Textures/T_Brick_Clay_Old_D.ubulk" 999
"E:/MyProject02/Content/StarterContent/Textures/T_Brick_Clay_Old_D.uasset" 1000
"E:/MyProject02/Content/StarterContent/Textures/T_Brick_Clay_Old_D.uexp" 1001
"E:/MyProject02/Content/StarterContent/Materials/M_Brick_Clay_Old.uasset" 1002
"E:/MyProject02/Content/StarterContent/Materials/M_Brick_Clay_Old.uexp" 1003
"E:/MyProject02/Content/StarterContent/Audio/Explosion01.ubulk" 1004
"E:/MyProject02/Content/StarterContent/Audio/Explosion01.uasset" 1005
"E:/MyProject02/Content/StarterContent/Audio/Explosion01.uexp" 1006
"E:/MyProject02/Content/StarterContent/Audio/Explosion02.ubulk" 1007
"E:/MyProject02/Content/StarterContent/Audio/Explosion02.uasset" 1008
"E:/MyProject02/Content/StarterContent/Audio/Explosion02.uexp" 1009
"E:/MyProject02/Content/StarterContent/Audio/Explosion_Cue.uasset" 1010
"E:/MyProject02/Content/StarterContent/Audio/Explosion_Cue.uexp" 1011
"E:/MyProject02/Content/IndustryPropsPack6/Textures/T_Barrel01_D.ubulk" 1012
"E:/MyProject02/Content/IndustryPropsPack6/Textures/T_Barrel01_D.uasset" 1013
"E:/MyProject02/Content/IndustryPropsPack6/Textures/T_Barrel01_D.uexp" 1014
"E:/MyProject02/Content/IndustryPropsPack6/Textures/T_Barrel01_SRM.ubulk" 1015
"E:/MyProject02/Content/IndustryPropsPack6/Textures/T_Barrel01_SRM.uasset" 1016
"E:/MyProject02/Content/IndustryPropsPack6/Textures/T_Barrel01_SRM.uexp" 1017
"../../../Engine/Content/Functions/Engine_MaterialFunctions02/Utility/BlendAngleCorrectedNormals.uasset" 1018
"../../../Engine/Content/Functions/Engine_MaterialFunctions02/Utility/BlendAngleCorrectedNormals.uexp" 1019
"../../../Engine/Content/Functions/Engine_MaterialFunctions01/ImageAdjustment/BlurSampleOffsets.uasset" 1020
"../../../Engine/Content/Functions/Engine_MaterialFunctions01/ImageAdjustment/BlurSampleOffsets.uexp" 1021
"../../../Engine/Content/EngineDebugMaterials/HeatmapGradient.ubulk" 1022
"../../../Engine/Content/EngineDebugMaterials/HeatmapGradient.uasset" 1023
"../../../Engine/Content/EngineDebugMaterials/HeatmapGradient.uexp" 1024
"../../../Engine/Content/Functions/Engine_MaterialFunctions01/ImageAdjustment/CheapContrast_RGB.uasset" 1025
"../../../Engine/Content/Functions/Engine_MaterialFunctions01/ImageAdjustment/CheapContrast_RGB.uexp" 1026
"E:/MyProject02/Content/IndustryPropsPack6/Textures/BaseTextures/T_MASK2.ubulk" 1027
"E:/MyProject02/Content/IndustryPropsPack6/Textures/BaseTextures/T_MASK2.uasset" 1028
"E:/MyProject02/Content/IndustryPropsPack6/Textures/BaseTextures/T_MASK2.uexp" 1029
"E:/MyProject02/Content/IndustryPropsPack6/Textures/BaseTextures/BG_D.uasset" 1030
"E:/MyProject02/Content/IndustryPropsPack6/Textures/BaseTextures/BG_D.uexp" 1031
"E:/MyProject02/Content/IndustryPropsPack6/Textures/BaseTextures/B_N.uasset" 1032
"E:/MyProject02/Content/IndustryPropsPack6/Textures/BaseTextures/B_N.uexp" 1033
"../../../Engine/Content/Functions/Engine_MaterialFunctions02/Utility/DitherTemporalAA.uasset" 1034
"../../../Engine/Content/Functions/Engine_MaterialFunctions02/Utility/DitherTemporalAA.uexp" 1035
"E:/MyProject02/Content/IndustryPropsPack6/Textures/BaseTextures/T_MASK1.ubulk" 1036
"E:/MyProject02/Content/IndustryPropsPack6/Textures/BaseTextures/T_MASK1.uasset" 1037
"E:/MyProject02/Content/IndustryPropsPack6/Textures/BaseTextures/T_MASK1.uexp" 1038
"E:/MyProject02/Content/IndustryPropsPack6/Textures/BaseTextures/BB_D.uasset" 1039
"E:/MyProject02/Content/IndustryPropsPack6/Textures/BaseTextures/BB_D.uexp" 1040
"../../../Engine/Content/Functions/Engine_MaterialFunctions02/HueShift.uasset" 1041
"../../../Engine/Content/Functions/Engine_MaterialFunctions02/HueShift.uexp" 1042
"E:/MyProject02/Content/IndustryPropsPack6/Materials/BaseMaterial/M_base.uasset" 1043
"E:/MyProject02/Content/IndustryPropsPack6/Materials/BaseMaterial/M_base.uexp" 1044
"E:/MyProject02/Content/IndustryPropsPack6/Textures/T_Barrel01_N.ubulk" 1045
"E:/MyProject02/Content/IndustryPropsPack6/Textures/T_Barrel01_N.uasset" 1046
"E:/MyProject02/Content/IndustryPropsPack6/Textures/T_Barrel01_N.uexp" 1047
"E:/MyProject02/Content/IndustryPropsPack6/Materials/MI_Barrel01_1.uasset" 1048
"E:/MyProject02/Content/IndustryPropsPack6/Materials/MI_Barrel01_1.uexp" 1049
"E:/MyProject02/Content/SM_Barrel01.ubulk" 1050
"E:/MyProject02/Content/SM_Barrel01.uasset" 1051
"E:/MyProject02/Content/SM_Barrel01.uexp" 1052
"E:/MyProject02/Content/BP_SM_Barrel01.uasset" 1053
"E:/MyProject02/Content/BP_SM_Barrel01.uexp" 1054
"../../../Engine/Content/BasicShapes/Sphere.ubulk" 1055
"../../../Engine/Content/BasicShapes/Sphere.uasset" 1056
"../../../Engine/Content/BasicShapes/Sphere.uexp" 1057
"../../../Engine/Content/BasicShapes/BasicShapeMaterial.uasset" 1058
"../../../Engine/Content/BasicShapes/BasicShapeMaterial.uexp" 1059
"E:/MyProject02/Content/Sphere_Blueprint.uasset" 1060
"E:/MyProject02/Content/Sphere_Blueprint.uexp" 1061
"E:/MyProject02/Content/BP_PROJECTILE.uasset" 1062
"E:/MyProject02/Content/BP_PROJECTILE.uexp" 1063
"E:/MyProject02/Content/StarterContent/Materials/M_Basic_Wall.uasset" 1064
"E:/MyProject02/Content/StarterContent/Materials/M_Basic_Wall.uexp" 1065
"../../../Engine/Content/EngineSky/M_SimpleSkyDome.uasset" 1066
"../../../Engine/Content/EngineSky/M_SimpleSkyDome.uexp" 1067
"E:/MyProject02/Content/crosshair-icon-1024x1024-qq5r6iy8.ubulk" 1068
"E:/MyProject02/Content/crosshair-icon-1024x1024-qq5r6iy8.uasset" 1069
"E:/MyProject02/Content/crosshair-icon-1024x1024-qq5r6iy8.uexp" 1070
"E:/MyProject02/Content/WB_Crosshair.uasset" 1071
"E:/MyProject02/Content/WB_Crosshair.uexp" 1072
"E:/MyProject02/Content/Main.uexp" 1073
"E:/MyProject02/Content/Main.umap" 1074
